[90m8:19PM[0m [32mINF[0m 🐶 K9s starting up...
[90m8:19PM[0m [31mWRN[0m Unable to locate K9s config. Generating new configuration...
[90m8:19PM[0m [1m[31mERR[0m[0m refine failed [36merror=[0m[31m"getcontext - invalid context specified: \"\""[0m
[90m8:19PM[0m [1m[31mERR[0m[0m Fail to locate metrics-server [36merror=[0m[31m"Get \"http://localhost:8080/api?timeout=32s\": dial tcp [::1]:8080: connect: connection refused"[0m
[90m8:19PM[0m [1m[31mERR[0m[0m load configuration failed [36merror=[0m[31m"Get \"http://localhost:8080/api?timeout=32s\": dial tcp [::1]:8080: connect: connection refused"[0m
[90m8:19PM[0m [1m[31mERR[0m[0m Unable to assert active namespace. Using default [36merror=[0m[31m"context config is not set"[0m
[90m8:19PM[0m [31mWRN[0m namespace validation failed for: "default" [36merror=[0m[31m"no connection to dial"[0m
[90m8:19PM[0m [1m[31mERR[0m[0m Load cluster resources - No API server connection
[90m8:19PM[0m [1m[31mERR[0m[0m failed to list contexts [36merror=[0m[31m"no connection"[0m
[90m8:19PM[0m [31mWRN[0m ConfigWatcher failed [36merror=[0m[31m"lstat /Users/vadimk/Library/Application Support/k9s/config.yaml: no such file or directory"[0m
[90m8:19PM[0m [31mWRN[0m CustomView watcher failed [36merror=[0m[31m"open /Users/vadimk/Library/Application Support/k9s/views.yaml: no such file or directory"[0m
[90m8:19PM[0m [1m[31mERR[0m[0m Unable to assert active namespace. Using default [36merror=[0m[31m"context config is not set"[0m
[90m8:19PM[0m [1m[31mERR[0m[0m Unable to assert active namespace. Using default [36merror=[0m[31m"context config is not set"[0m
[90m8:19PM[0m [1m[31mERR[0m[0m Unable to assert active namespace. Using default [36merror=[0m[31m"context config is not set"[0m
[90m8:19PM[0m [1m[31mERR[0m[0m Unable to assert active namespace. Using default [36merror=[0m[31m"context config is not set"[0m
[90m8:19PM[0m [1m[31mERR[0m[0m can't connect to cluster [36merror=[0m[31m"Get \"http://localhost:8080/version?timeout=15s\": dial tcp [::1]:8080: connect: connection refused"[0m
[90m8:19PM[0m [1m[31mERR[0m[0m Load cluster resources - No API server connection
[90m8:19PM[0m [31mWRN[0m Unable to dial discovery API [36merror=[0m[31m"no connection to cached dial"[0m
[90m1:39PM[0m [32mINF[0m 🐶 K9s starting up...
[90m6:58PM[0m [32mINF[0m [1m🐶 K9s starting up...[0m
[90m6:58PM[0m [31mERR[0m [1mFail to locate metrics-server[0m [36merror=[0m[31m[1m"No metrics api group metrics.k8s.io found on cluster"[0m[0m
[90m6:58PM[0m [32mINF[0m [1m✅ Kubernetes connectivity[0m
[90m6:58PM[0m [31mERR[0m [1mFail to load global/context configuration[0m [36merror=[0m[31m[1m"k9s config file \"/Users/vadimk/Library/Application Support/k9s/config.yaml\" load failed:\nAdditional property fullScreenLogs is not allowed"[0m[0m
[90m6:59PM[0m [32mINF[0m [1m🐶 K9s starting up...[0m
[90m6:59PM[0m [31mERR[0m [1mFail to locate metrics-server[0m [36merror=[0m[31m[1m"No metrics api group metrics.k8s.io found on cluster"[0m[0m
[90m6:59PM[0m [32mINF[0m [1m✅ Kubernetes connectivity[0m
[90m6:59PM[0m [31mERR[0m [1mFail to load global/context configuration[0m [36merror=[0m[31m[1m"k9s config file \"/Users/vadimk/Library/Application Support/k9s/config.yaml\" load failed:\nAdditional property fullScreenLogs is not allowed"[0m[0m
[90m9:23PM[0m [32mINF[0m [1m🐶 K9s starting up...[0m
[90m9:23PM[0m [31mERR[0m [1mFail to locate metrics-server[0m [36merror=[0m[31m[1m"No metrics api group metrics.k8s.io found on cluster"[0m[0m
[90m9:23PM[0m [32mINF[0m [1m✅ Kubernetes connectivity[0m
[90m9:23PM[0m [31mERR[0m [1mFail to load global/context configuration[0m [36merror=[0m[31m[1m"k9s config file \"/Users/vadimk/Library/Application Support/k9s/config.yaml\" load failed:\nAdditional property fullScreenLogs is not allowed"[0m[0m
[90m9:23PM[0m [32mINF[0m [1m🐶 K9s starting up...[0m
[90m9:23PM[0m [31mERR[0m [1mFail to locate metrics-server[0m [36merror=[0m[31m[1m"No metrics api group metrics.k8s.io found on cluster"[0m[0m
[90m9:23PM[0m [32mINF[0m [1m✅ Kubernetes connectivity[0m
[90m9:23PM[0m [31mERR[0m [1mFail to load global/context configuration[0m [36merror=[0m[31m[1m"k9s config file \"/Users/vadimk/Library/Application Support/k9s/config.yaml\" load failed:\nAdditional property fullScreenLogs is not allowed"[0m[0m
[90m9:24PM[0m [32mINF[0m [1m🐶 K9s starting up...[0m
[90m9:24PM[0m [31mERR[0m [1mFail to locate metrics-server[0m [36merror=[0m[31m[1m"No metrics api group metrics.k8s.io found on cluster"[0m[0m
[90m9:24PM[0m [32mINF[0m [1m✅ Kubernetes connectivity[0m
[90m9:24PM[0m [31mERR[0m [1mFail to load global/context configuration[0m [36merror=[0m[31m[1m"k9s config file \"/Users/vadimk/Library/Application Support/k9s/config.yaml\" load failed:\nAdditional property fullScreenLogs is not allowed"[0m[0m
[90m9:24PM[0m [32mINF[0m [1m🐶 K9s starting up...[0m
[90m9:24PM[0m [31mERR[0m [1mFail to locate metrics-server[0m [36merror=[0m[31m[1m"No metrics api group metrics.k8s.io found on cluster"[0m[0m
[90m9:24PM[0m [32mINF[0m [1m✅ Kubernetes connectivity[0m
[90m9:24PM[0m [32mINF[0m [1m🐶 K9s starting up...[0m
[90m9:24PM[0m [31mERR[0m [1mFail to locate metrics-server[0m [36merror=[0m[31m[1m"No metrics api group metrics.k8s.io found on cluster"[0m[0m
[90m9:25PM[0m [32mINF[0m [1m✅ Kubernetes connectivity[0m
[90m9:25PM[0m [32mINF[0m [1m🐶 K9s starting up...[0m
[90m9:25PM[0m [31mERR[0m [1mFail to locate metrics-server[0m [36merror=[0m[31m[1m"No metrics api group metrics.k8s.io found on cluster"[0m[0m
[90m9:25PM[0m [32mINF[0m [1m✅ Kubernetes connectivity[0m
[90m9:25PM[0m [32mINF[0m [1m🐶 K9s starting up...[0m
[90m9:25PM[0m [31mERR[0m [1mFail to locate metrics-server[0m [36merror=[0m[31m[1m"No metrics api group metrics.k8s.io found on cluster"[0m[0m
[90m9:25PM[0m [32mINF[0m [1m✅ Kubernetes connectivity[0m
[90m9:26PM[0m [32mINF[0m [1m🐶 K9s starting up...[0m
[90m9:26PM[0m [31mERR[0m [1mFail to locate metrics-server[0m [36merror=[0m[31m[1m"No metrics api group metrics.k8s.io found on cluster"[0m[0m
[90m9:26PM[0m [32mINF[0m [1m✅ Kubernetes connectivity[0m
[90m9:26PM[0m [32mINF[0m [1m🐶 K9s starting up...[0m
[90m9:26PM[0m [31mERR[0m [1mFail to locate metrics-server[0m [36merror=[0m[31m[1m"No metrics api group metrics.k8s.io found on cluster"[0m[0m
[90m9:26PM[0m [32mINF[0m [1m✅ Kubernetes connectivity[0m
[90m9:26PM[0m [32mINF[0m [1m🐶 K9s starting up...[0m
[90m9:26PM[0m [31mERR[0m [1mFail to locate metrics-server[0m [36merror=[0m[31m[1m"No metrics api group metrics.k8s.io found on cluster"[0m[0m
[90m9:26PM[0m [32mINF[0m [1m✅ Kubernetes connectivity[0m
[90m9:27PM[0m [32mINF[0m [1m🐶 K9s starting up...[0m
[90m9:27PM[0m [31mERR[0m [1mFail to locate metrics-server[0m [36merror=[0m[31m[1m"No metrics api group metrics.k8s.io found on cluster"[0m[0m
[90m9:27PM[0m [32mINF[0m [1m✅ Kubernetes connectivity[0m
[90m9:27PM[0m [33mWRN[0m [1mlog-reader canceled[0m [36merror=[0m[31m[1m"Stream canceled context canceled for default/milvus-poc-minio-5c7dcb9957-grn5v (minio)"[0m[0m
[90m9:28PM[0m [32mINF[0m [1m🐶 K9s starting up...[0m
[90m9:28PM[0m [31mERR[0m [1mFail to locate metrics-server[0m [36merror=[0m[31m[1m"No metrics api group metrics.k8s.io found on cluster"[0m[0m
[90m9:28PM[0m [32mINF[0m [1m✅ Kubernetes connectivity[0m
[90m9:28PM[0m [32mINF[0m [1m🐶 K9s starting up...[0m
[90m9:28PM[0m [31mERR[0m [1mFail to locate metrics-server[0m [36merror=[0m[31m[1m"No metrics api group metrics.k8s.io found on cluster"[0m[0m
[90m9:28PM[0m [32mINF[0m [1m✅ Kubernetes connectivity[0m
[90m9:31PM[0m [32mINF[0m [1m🐶 K9s starting up...[0m
[90m9:31PM[0m [31mERR[0m [1mFail to locate metrics-server[0m [36merror=[0m[31m[1m"No metrics api group metrics.k8s.io found on cluster"[0m[0m
[90m9:31PM[0m [32mINF[0m [1m✅ Kubernetes connectivity[0m
[90m11:18PM[0m [32mINF[0m [1m🐶 K9s starting up...[0m
[90m4:57PM[0m [32mINF[0m [1m🐶 K9s starting up...[0m
[90m4:57PM[0m [31mERR[0m [1mFail to locate metrics-server[0m [36merror=[0m[31m[1m"No metrics api group metrics.k8s.io found on cluster"[0m[0m
[90m4:57PM[0m [32mINF[0m [1m✅ Kubernetes connectivity[0m
[90m5:24PM[0m [31mERR[0m [1mcan't connect to cluster[0m [36merror=[0m[31m[1m"Get \"https://192.168.14.20:6443/version?timeout=15s\": net/http: request canceled (Client.Timeout exceeded while awaiting headers)"[0m[0m
[90m5:24PM[0m [31mERR[0m [1mClusterUpdater failed[0m [36merror=[0m[31m[1m"conn check failed (1/5)"[0m[0m
[90m5:29PM[0m [31mERR[0m [1mcan't connect to cluster[0m [36merror=[0m[31m[1m"Get \"https://192.168.14.20:6443/version?timeout=15s\": net/http: request canceled (Client.Timeout exceeded while awaiting headers)"[0m[0m
[90m5:29PM[0m [31mERR[0m [1mClusterUpdater failed[0m [36merror=[0m[31m[1m"conn check failed (1/5)"[0m[0m
[90m5:41PM[0m [31mERR[0m [1mcan't connect to cluster[0m [36merror=[0m[31m[1m"Get \"https://192.168.14.20:6443/version?timeout=15s\": context deadline exceeded - error from a previous attempt: read tcp 192.168.5.19:52539->192.168.14.20:6443: read: connection reset by peer"[0m[0m
[90m5:41PM[0m [31mERR[0m [1mClusterUpdater failed[0m [36merror=[0m[31m[1m"conn check failed (1/5)"[0m[0m
[90m5:49PM[0m [31mERR[0m [1mcan't connect to cluster[0m [36merror=[0m[31m[1m"Get \"https://192.168.14.20:6443/version?timeout=15s\": net/http: request canceled (Client.Timeout exceeded while awaiting headers)"[0m[0m
[90m5:49PM[0m [31mERR[0m [1mClusterUpdater failed[0m [36merror=[0m[31m[1m"conn check failed (1/5)"[0m[0m
[90m5:49PM[0m [31mERR[0m [1mcan't connect to cluster[0m [36merror=[0m[31m[1m"Get \"https://192.168.14.20:6443/version?timeout=15s\": http2: client connection lost"[0m[0m
[90m5:49PM[0m [31mERR[0m [1mClusterUpdater failed[0m [36merror=[0m[31m[1m"conn check failed (2/5)"[0m[0m
[90m5:50PM[0m [31mERR[0m [1mcan't connect to cluster[0m [36merror=[0m[31m[1m"Get \"https://192.168.14.20:6443/version?timeout=15s\": dial tcp 192.168.14.20:6443: connect: network is unreachable"[0m[0m
[90m5:50PM[0m [31mERR[0m [1mClusterUpdater failed[0m [36merror=[0m[31m[1m"conn check failed (3/5)"[0m[0m
[90m5:50PM[0m [31mERR[0m [1mcan't connect to cluster[0m [36merror=[0m[31m[1m"Get \"https://192.168.14.20:6443/version?timeout=15s\": dial tcp 192.168.14.20:6443: connect: network is unreachable"[0m[0m
[90m5:50PM[0m [31mERR[0m [1mClusterUpdater failed[0m [36merror=[0m[31m[1m"conn check failed (4/5)"[0m[0m
[90m5:50PM[0m [33mWRN[0m [1mnamespace validation failed for: "default"[0m [36merror=[0m[31m[1m"user not authorized to list all namespaces"[0m[0m
[90m10:25PM[0m [32mINF[0m [1m🐶 K9s starting up...[0m
[90m10:25PM[0m [31mERR[0m [1mFail to locate metrics-server[0m [36merror=[0m[31m[1m"No metrics api group metrics.k8s.io found on cluster"[0m[0m
[90m10:25PM[0m [32mINF[0m [1m✅ Kubernetes connectivity[0m
[90m10:26PM[0m [31mERR[0m [1mlogs-stream[0m [36merror=[0m[31m[1m"stream logs failed container \"pavlov-entity-extraction\" in pod \"dataisbest-pavlov-entity-extraction-79749c565b-26tj6\" is waiting to start: PodInitializing for mig/dataisbest-pavlov-entity-extraction-79749c565b-26tj6 (pavlov-entity-extraction)"[0m[0m
[90m10:26PM[0m [31mERR[0m [1mlogs-stream[0m [36merror=[0m[31m[1m"stream logs failed container \"tar-extract\" in pod \"dataisbest-pavlov-entity-extraction-79749c565b-26tj6\" is waiting to start: PodInitializing for mig/dataisbest-pavlov-entity-extraction-79749c565b-26tj6 (tar-extract)"[0m[0m
[90m10:26PM[0m [31mERR[0m [1mlogs-stream[0m [36merror=[0m[31m[1m"stream logs failed container \"pavlov-entity-extraction\" in pod \"dataisbest-pavlov-entity-extraction-79749c565b-26tj6\" is waiting to start: PodInitializing for mig/dataisbest-pavlov-entity-extraction-79749c565b-26tj6 (pavlov-entity-extraction)"[0m[0m
[90m10:26PM[0m [31mERR[0m [1mlogs-stream[0m [36merror=[0m[31m[1m"stream logs failed container \"tar-extract\" in pod \"dataisbest-pavlov-entity-extraction-79749c565b-26tj6\" is waiting to start: PodInitializing for mig/dataisbest-pavlov-entity-extraction-79749c565b-26tj6 (tar-extract)"[0m[0m
[90m10:26PM[0m [31mERR[0m [1mlogs-stream[0m [36merror=[0m[31m[1m"stream logs failed container \"pavlov-entity-extraction\" in pod \"dataisbest-pavlov-entity-extraction-79749c565b-26tj6\" is waiting to start: PodInitializing for mig/dataisbest-pavlov-entity-extraction-79749c565b-26tj6 (pavlov-entity-extraction)"[0m[0m
[90m10:26PM[0m [31mERR[0m [1mlogs-stream[0m [36merror=[0m[31m[1m"stream logs failed container \"tar-extract\" in pod \"dataisbest-pavlov-entity-extraction-79749c565b-26tj6\" is waiting to start: PodInitializing for mig/dataisbest-pavlov-entity-extraction-79749c565b-26tj6 (tar-extract)"[0m[0m
[90m10:26PM[0m [31mERR[0m [1mlogs-stream[0m [36merror=[0m[31m[1m"stream logs failed container \"tar-extract\" in pod \"dataisbest-pavlov-entity-extraction-79749c565b-26tj6\" is waiting to start: PodInitializing for mig/dataisbest-pavlov-entity-extraction-79749c565b-26tj6 (tar-extract)"[0m[0m
[90m10:26PM[0m [31mERR[0m [1mlogs-stream[0m [36merror=[0m[31m[1m"stream logs failed container \"pavlov-entity-extraction\" in pod \"dataisbest-pavlov-entity-extraction-79749c565b-26tj6\" is waiting to start: PodInitializing for mig/dataisbest-pavlov-entity-extraction-79749c565b-26tj6 (pavlov-entity-extraction)"[0m[0m
[90m10:26PM[0m [31mERR[0m [1mlogs-stream[0m [36merror=[0m[31m[1m"stream logs failed container \"pavlov-entity-extraction\" in pod \"dataisbest-pavlov-entity-extraction-79749c565b-26tj6\" is waiting to start: PodInitializing for mig/dataisbest-pavlov-entity-extraction-79749c565b-26tj6 (pavlov-entity-extraction)"[0m[0m
[90m10:26PM[0m [31mERR[0m [1mlogs-stream[0m [36merror=[0m[31m[1m"stream logs failed container \"tar-extract\" in pod \"dataisbest-pavlov-entity-extraction-79749c565b-26tj6\" is waiting to start: PodInitializing for mig/dataisbest-pavlov-entity-extraction-79749c565b-26tj6 (tar-extract)"[0m[0m
[90m10:26PM[0m [31mERR[0m [1mlogs-stream[0m [36merror=[0m[31m[1m"stream logs failed container \"tar-extract\" in pod \"dataisbest-pavlov-entity-extraction-79749c565b-26tj6\" is waiting to start: PodInitializing for mig/dataisbest-pavlov-entity-extraction-79749c565b-26tj6 (tar-extract)"[0m[0m
[90m10:26PM[0m [31mERR[0m [1mlogs-stream[0m [36merror=[0m[31m[1m"stream logs failed container \"pavlov-entity-extraction\" in pod \"dataisbest-pavlov-entity-extraction-79749c565b-26tj6\" is waiting to start: PodInitializing for mig/dataisbest-pavlov-entity-extraction-79749c565b-26tj6 (pavlov-entity-extraction)"[0m[0m
[90m10:26PM[0m [31mERR[0m [1mlogs-stream[0m [36merror=[0m[31m[1m"stream logs failed container \"pavlov-entity-extraction\" in pod \"dataisbest-pavlov-entity-extraction-79749c565b-26tj6\" is waiting to start: PodInitializing for mig/dataisbest-pavlov-entity-extraction-79749c565b-26tj6 (pavlov-entity-extraction)"[0m[0m
[90m10:26PM[0m [31mERR[0m [1mlogs-stream[0m [36merror=[0m[31m[1m"stream logs failed container \"tar-extract\" in pod \"dataisbest-pavlov-entity-extraction-79749c565b-26tj6\" is waiting to start: PodInitializing for mig/dataisbest-pavlov-entity-extraction-79749c565b-26tj6 (tar-extract)"[0m[0m
[90m10:26PM[0m [31mERR[0m [1mlogs-stream[0m [36merror=[0m[31m[1m"stream logs failed container \"pavlov-entity-extraction\" in pod \"dataisbest-pavlov-entity-extraction-79749c565b-26tj6\" is waiting to start: PodInitializing for mig/dataisbest-pavlov-entity-extraction-79749c565b-26tj6 (pavlov-entity-extraction)"[0m[0m
[90m10:26PM[0m [31mERR[0m [1mlogs-stream[0m [36merror=[0m[31m[1m"stream logs failed container \"tar-extract\" in pod \"dataisbest-pavlov-entity-extraction-79749c565b-26tj6\" is waiting to start: PodInitializing for mig/dataisbest-pavlov-entity-extraction-79749c565b-26tj6 (tar-extract)"[0m[0m
[90m10:26PM[0m [31mERR[0m [1mlogs-stream[0m [36merror=[0m[31m[1m"stream logs failed container \"pavlov-entity-extraction\" in pod \"dataisbest-pavlov-entity-extraction-79749c565b-26tj6\" is waiting to start: PodInitializing for mig/dataisbest-pavlov-entity-extraction-79749c565b-26tj6 (pavlov-entity-extraction)"[0m[0m
[90m10:26PM[0m [31mERR[0m [1mlogs-stream[0m [36merror=[0m[31m[1m"stream logs failed container \"tar-extract\" in pod \"dataisbest-pavlov-entity-extraction-79749c565b-26tj6\" is waiting to start: PodInitializing for mig/dataisbest-pavlov-entity-extraction-79749c565b-26tj6 (tar-extract)"[0m[0m
[90m10:26PM[0m [31mERR[0m [1mlogs-stream[0m [36merror=[0m[31m[1m"stream logs failed container \"pavlov-entity-extraction\" in pod \"dataisbest-pavlov-entity-extraction-79749c565b-26tj6\" is waiting to start: PodInitializing for mig/dataisbest-pavlov-entity-extraction-79749c565b-26tj6 (pavlov-entity-extraction)"[0m[0m
[90m10:26PM[0m [31mERR[0m [1mlogs-stream[0m [36merror=[0m[31m[1m"stream logs failed container \"tar-extract\" in pod \"dataisbest-pavlov-entity-extraction-79749c565b-26tj6\" is waiting to start: PodInitializing for mig/dataisbest-pavlov-entity-extraction-79749c565b-26tj6 (tar-extract)"[0m[0m
[90m10:26PM[0m [31mERR[0m [1mlogs-stream[0m [36merror=[0m[31m[1m"stream logs failed container \"pavlov-entity-extraction\" in pod \"dataisbest-pavlov-entity-extraction-79749c565b-26tj6\" is waiting to start: PodInitializing for mig/dataisbest-pavlov-entity-extraction-79749c565b-26tj6 (pavlov-entity-extraction)"[0m[0m
[90m10:26PM[0m [31mERR[0m [1mlogs-stream[0m [36merror=[0m[31m[1m"stream logs failed container \"tar-extract\" in pod \"dataisbest-pavlov-entity-extraction-79749c565b-26tj6\" is waiting to start: PodInitializing for mig/dataisbest-pavlov-entity-extraction-79749c565b-26tj6 (tar-extract)"[0m[0m
[90m10:26PM[0m [31mERR[0m [1mlogs-stream[0m [36merror=[0m[31m[1m"stream logs failed container \"tar-extract\" in pod \"dataisbest-pavlov-entity-extraction-79749c565b-26tj6\" is waiting to start: PodInitializing for mig/dataisbest-pavlov-entity-extraction-79749c565b-26tj6 (tar-extract)"[0m[0m
[90m10:26PM[0m [31mERR[0m [1mlogs-stream[0m [36merror=[0m[31m[1m"stream logs failed container \"pavlov-entity-extraction\" in pod \"dataisbest-pavlov-entity-extraction-79749c565b-26tj6\" is waiting to start: PodInitializing for mig/dataisbest-pavlov-entity-extraction-79749c565b-26tj6 (pavlov-entity-extraction)"[0m[0m
[90m10:26PM[0m [31mERR[0m [1mlogs-stream[0m [36merror=[0m[31m[1m"stream logs failed container \"tar-extract\" in pod \"dataisbest-pavlov-entity-extraction-79749c565b-26tj6\" is waiting to start: PodInitializing for mig/dataisbest-pavlov-entity-extraction-79749c565b-26tj6 (tar-extract)"[0m[0m
[90m10:26PM[0m [31mERR[0m [1mlogs-stream[0m [36merror=[0m[31m[1m"stream logs failed container \"pavlov-entity-extraction\" in pod \"dataisbest-pavlov-entity-extraction-79749c565b-26tj6\" is waiting to start: PodInitializing for mig/dataisbest-pavlov-entity-extraction-79749c565b-26tj6 (pavlov-entity-extraction)"[0m[0m
[90m10:26PM[0m [31mERR[0m [1mlogs-stream[0m [36merror=[0m[31m[1m"stream logs failed container \"tar-extract\" in pod \"dataisbest-pavlov-entity-extraction-79749c565b-26tj6\" is waiting to start: PodInitializing for mig/dataisbest-pavlov-entity-extraction-79749c565b-26tj6 (tar-extract)"[0m[0m
[90m10:26PM[0m [31mERR[0m [1mlogs-stream[0m [36merror=[0m[31m[1m"stream logs failed container \"pavlov-entity-extraction\" in pod \"dataisbest-pavlov-entity-extraction-79749c565b-26tj6\" is waiting to start: PodInitializing for mig/dataisbest-pavlov-entity-extraction-79749c565b-26tj6 (pavlov-entity-extraction)"[0m[0m
[90m10:26PM[0m [31mERR[0m [1mlogs-stream[0m [36merror=[0m[31m[1m"stream logs failed container \"tar-extract\" in pod \"dataisbest-pavlov-entity-extraction-79749c565b-26tj6\" is waiting to start: PodInitializing for mig/dataisbest-pavlov-entity-extraction-79749c565b-26tj6 (tar-extract)"[0m[0m
[90m10:26PM[0m [31mERR[0m [1mlogs-stream[0m [36merror=[0m[31m[1m"stream logs failed container \"pavlov-entity-extraction\" in pod \"dataisbest-pavlov-entity-extraction-79749c565b-26tj6\" is waiting to start: PodInitializing for mig/dataisbest-pavlov-entity-extraction-79749c565b-26tj6 (pavlov-entity-extraction)"[0m[0m
[90m10:26PM[0m [31mERR[0m [1mlogs-stream[0m [36merror=[0m[31m[1m"stream logs failed container \"tar-extract\" in pod \"dataisbest-pavlov-entity-extraction-79749c565b-26tj6\" is waiting to start: PodInitializing for mig/dataisbest-pavlov-entity-extraction-79749c565b-26tj6 (tar-extract)"[0m[0m
[90m10:26PM[0m [31mERR[0m [1mlogs-stream[0m [36merror=[0m[31m[1m"stream logs failed container \"pavlov-entity-extraction\" in pod \"dataisbest-pavlov-entity-extraction-79749c565b-26tj6\" is waiting to start: PodInitializing for mig/dataisbest-pavlov-entity-extraction-79749c565b-26tj6 (pavlov-entity-extraction)"[0m[0m
[90m10:26PM[0m [31mERR[0m [1mlogs-stream[0m [36merror=[0m[31m[1m"stream logs failed container \"pavlov-entity-extraction\" in pod \"dataisbest-pavlov-entity-extraction-79749c565b-26tj6\" is waiting to start: PodInitializing for mig/dataisbest-pavlov-entity-extraction-79749c565b-26tj6 (pavlov-entity-extraction)"[0m[0m
[90m10:26PM[0m [31mERR[0m [1mlogs-stream[0m [36merror=[0m[31m[1m"stream logs failed container \"tar-extract\" in pod \"dataisbest-pavlov-entity-extraction-79749c565b-26tj6\" is waiting to start: PodInitializing for mig/dataisbest-pavlov-entity-extraction-79749c565b-26tj6 (tar-extract)"[0m[0m
[90m10:26PM[0m [31mERR[0m [1mlogs-stream[0m [36merror=[0m[31m[1m"stream logs failed container \"pavlov-entity-extraction\" in pod \"dataisbest-pavlov-entity-extraction-79749c565b-26tj6\" is waiting to start: PodInitializing for mig/dataisbest-pavlov-entity-extraction-79749c565b-26tj6 (pavlov-entity-extraction)"[0m[0m
[90m10:26PM[0m [31mERR[0m [1mlogs-stream[0m [36merror=[0m[31m[1m"stream logs failed container \"tar-extract\" in pod \"dataisbest-pavlov-entity-extraction-79749c565b-26tj6\" is waiting to start: PodInitializing for mig/dataisbest-pavlov-entity-extraction-79749c565b-26tj6 (tar-extract)"[0m[0m
[90m10:26PM[0m [31mERR[0m [1mlogs-stream[0m [36merror=[0m[31m[1m"stream logs failed container \"pavlov-entity-extraction\" in pod \"dataisbest-pavlov-entity-extraction-79749c565b-26tj6\" is waiting to start: PodInitializing for mig/dataisbest-pavlov-entity-extraction-79749c565b-26tj6 (pavlov-entity-extraction)"[0m[0m
[90m10:26PM[0m [31mERR[0m [1mlogs-stream[0m [36merror=[0m[31m[1m"stream logs failed container \"tar-extract\" in pod \"dataisbest-pavlov-entity-extraction-79749c565b-26tj6\" is waiting to start: PodInitializing for mig/dataisbest-pavlov-entity-extraction-79749c565b-26tj6 (tar-extract)"[0m[0m
[90m10:26PM[0m [31mERR[0m [1mlogs-stream[0m [36merror=[0m[31m[1m"stream logs failed container \"tar-extract\" in pod \"dataisbest-pavlov-entity-extraction-79749c565b-26tj6\" is waiting to start: PodInitializing for mig/dataisbest-pavlov-entity-extraction-79749c565b-26tj6 (tar-extract)"[0m[0m
[90m10:26PM[0m [31mERR[0m [1mlogs-stream[0m [36merror=[0m[31m[1m"stream logs failed container \"pavlov-entity-extraction\" in pod \"dataisbest-pavlov-entity-extraction-79749c565b-26tj6\" is waiting to start: PodInitializing for mig/dataisbest-pavlov-entity-extraction-79749c565b-26tj6 (pavlov-entity-extraction)"[0m[0m
[90m10:26PM[0m [33mWRN[0m [1mlog-reader canceled[0m [36merror=[0m[31m[1m"Stream canceled context canceled for mig/dataisbest-pavlov-entity-extraction-79749c565b-26tj6 (data-loader)"[0m[0m
[90m10:26PM[0m [31mERR[0m [1mlogs-stream[0m [36merror=[0m[31m[1m"stream logs failed container \"tar-extract\" in pod \"dataisbest-pavlov-entity-extraction-79749c565b-26tj6\" is waiting to start: PodInitializing for mig/dataisbest-pavlov-entity-extraction-79749c565b-26tj6 (tar-extract)"[0m[0m
[90m10:26PM[0m [31mERR[0m [1mlogs-stream[0m [36merror=[0m[31m[1m"stream logs failed container \"pavlov-entity-extraction\" in pod \"dataisbest-pavlov-entity-extraction-79749c565b-26tj6\" is waiting to start: PodInitializing for mig/dataisbest-pavlov-entity-extraction-79749c565b-26tj6 (pavlov-entity-extraction)"[0m[0m
[90m10:26PM[0m [31mERR[0m [1mlogs-stream[0m [36merror=[0m[31m[1m"stream logs failed container \"tar-extract\" in pod \"dataisbest-pavlov-entity-extraction-79749c565b-26tj6\" is waiting to start: PodInitializing for mig/dataisbest-pavlov-entity-extraction-79749c565b-26tj6 (tar-extract)"[0m[0m
[90m10:26PM[0m [31mERR[0m [1mlogs-stream[0m [36merror=[0m[31m[1m"stream logs failed container \"pavlov-entity-extraction\" in pod \"dataisbest-pavlov-entity-extraction-79749c565b-26tj6\" is waiting to start: PodInitializing for mig/dataisbest-pavlov-entity-extraction-79749c565b-26tj6 (pavlov-entity-extraction)"[0m[0m
[90m10:26PM[0m [31mERR[0m [1mlogs-stream[0m [36merror=[0m[31m[1m"stream logs failed container \"tar-extract\" in pod \"dataisbest-pavlov-entity-extraction-79749c565b-26tj6\" is waiting to start: PodInitializing for mig/dataisbest-pavlov-entity-extraction-79749c565b-26tj6 (tar-extract)"[0m[0m
[90m10:26PM[0m [31mERR[0m [1mlogs-stream[0m [36merror=[0m[31m[1m"stream logs failed container \"pavlov-entity-extraction\" in pod \"dataisbest-pavlov-entity-extraction-79749c565b-26tj6\" is waiting to start: PodInitializing for mig/dataisbest-pavlov-entity-extraction-79749c565b-26tj6 (pavlov-entity-extraction)"[0m[0m
[90m10:26PM[0m [31mERR[0m [1mlogs-stream[0m [36merror=[0m[31m[1m"stream logs failed container \"tar-extract\" in pod \"dataisbest-pavlov-entity-extraction-79749c565b-26tj6\" is waiting to start: PodInitializing for mig/dataisbest-pavlov-entity-extraction-79749c565b-26tj6 (tar-extract)"[0m[0m
[90m10:26PM[0m [31mERR[0m [1mlogs-stream[0m [36merror=[0m[31m[1m"stream logs failed container \"pavlov-entity-extraction\" in pod \"dataisbest-pavlov-entity-extraction-79749c565b-26tj6\" is waiting to start: PodInitializing for mig/dataisbest-pavlov-entity-extraction-79749c565b-26tj6 (pavlov-entity-extraction)"[0m[0m
[90m10:26PM[0m [31mERR[0m [1mlogs-stream[0m [36merror=[0m[31m[1m"stream logs failed container \"pavlov-entity-extraction\" in pod \"dataisbest-pavlov-entity-extraction-79749c565b-26tj6\" is waiting to start: PodInitializing for mig/dataisbest-pavlov-entity-extraction-79749c565b-26tj6 (pavlov-entity-extraction)"[0m[0m
[90m10:26PM[0m [31mERR[0m [1mlogs-stream[0m [36merror=[0m[31m[1m"stream logs failed container \"tar-extract\" in pod \"dataisbest-pavlov-entity-extraction-79749c565b-26tj6\" is waiting to start: PodInitializing for mig/dataisbest-pavlov-entity-extraction-79749c565b-26tj6 (tar-extract)"[0m[0m
[90m10:26PM[0m [31mERR[0m [1mlogs-stream[0m [36merror=[0m[31m[1m"stream logs failed container \"pavlov-entity-extraction\" in pod \"dataisbest-pavlov-entity-extraction-79749c565b-26tj6\" is waiting to start: PodInitializing for mig/dataisbest-pavlov-entity-extraction-79749c565b-26tj6 (pavlov-entity-extraction)"[0m[0m
[90m10:26PM[0m [31mERR[0m [1mlogs-stream[0m [36merror=[0m[31m[1m"stream logs failed container \"tar-extract\" in pod \"dataisbest-pavlov-entity-extraction-79749c565b-26tj6\" is waiting to start: PodInitializing for mig/dataisbest-pavlov-entity-extraction-79749c565b-26tj6 (tar-extract)"[0m[0m
[90m10:26PM[0m [31mERR[0m [1mlogs-stream[0m [36merror=[0m[31m[1m"stream logs failed container \"tar-extract\" in pod \"dataisbest-pavlov-entity-extraction-79749c565b-26tj6\" is waiting to start: PodInitializing for mig/dataisbest-pavlov-entity-extraction-79749c565b-26tj6 (tar-extract)"[0m[0m
[90m10:26PM[0m [31mERR[0m [1mlogs-stream[0m [36merror=[0m[31m[1m"stream logs failed container \"pavlov-entity-extraction\" in pod \"dataisbest-pavlov-entity-extraction-79749c565b-26tj6\" is waiting to start: PodInitializing for mig/dataisbest-pavlov-entity-extraction-79749c565b-26tj6 (pavlov-entity-extraction)"[0m[0m
[90m10:26PM[0m [31mERR[0m [1mlogs-stream[0m [36merror=[0m[31m[1m"stream logs failed container \"pavlov-entity-extraction\" in pod \"dataisbest-pavlov-entity-extraction-79749c565b-26tj6\" is waiting to start: PodInitializing for mig/dataisbest-pavlov-entity-extraction-79749c565b-26tj6 (pavlov-entity-extraction)"[0m[0m
[90m10:26PM[0m [31mERR[0m [1mlogs-stream[0m [36merror=[0m[31m[1m"stream logs failed container \"tar-extract\" in pod \"dataisbest-pavlov-entity-extraction-79749c565b-26tj6\" is waiting to start: PodInitializing for mig/dataisbest-pavlov-entity-extraction-79749c565b-26tj6 (tar-extract)"[0m[0m
[90m10:27PM[0m [31mERR[0m [1mlogs-stream[0m [36merror=[0m[31m[1m"stream logs failed container \"tar-extract\" in pod \"dataisbest-pavlov-entity-extraction-79749c565b-26tj6\" is waiting to start: PodInitializing for mig/dataisbest-pavlov-entity-extraction-79749c565b-26tj6 (tar-extract)"[0m[0m
[90m10:27PM[0m [31mERR[0m [1mlogs-stream[0m [36merror=[0m[31m[1m"stream logs failed container \"pavlov-entity-extraction\" in pod \"dataisbest-pavlov-entity-extraction-79749c565b-26tj6\" is waiting to start: PodInitializing for mig/dataisbest-pavlov-entity-extraction-79749c565b-26tj6 (pavlov-entity-extraction)"[0m[0m
[90m10:27PM[0m [31mERR[0m [1mlogs-stream[0m [36merror=[0m[31m[1m"stream logs failed container \"pavlov-entity-extraction\" in pod \"dataisbest-pavlov-entity-extraction-79749c565b-26tj6\" is waiting to start: PodInitializing for mig/dataisbest-pavlov-entity-extraction-79749c565b-26tj6 (pavlov-entity-extraction)"[0m[0m
[90m10:27PM[0m [31mERR[0m [1mlogs-stream[0m [36merror=[0m[31m[1m"stream logs failed container \"tar-extract\" in pod \"dataisbest-pavlov-entity-extraction-79749c565b-26tj6\" is waiting to start: PodInitializing for mig/dataisbest-pavlov-entity-extraction-79749c565b-26tj6 (tar-extract)"[0m[0m
[90m10:27PM[0m [31mERR[0m [1mlogs-stream[0m [36merror=[0m[31m[1m"stream logs failed container \"tar-extract\" in pod \"dataisbest-pavlov-entity-extraction-79749c565b-26tj6\" is waiting to start: PodInitializing for mig/dataisbest-pavlov-entity-extraction-79749c565b-26tj6 (tar-extract)"[0m[0m
[90m10:27PM[0m [31mERR[0m [1mlogs-stream[0m [36merror=[0m[31m[1m"stream logs failed container \"pavlov-entity-extraction\" in pod \"dataisbest-pavlov-entity-extraction-79749c565b-26tj6\" is waiting to start: PodInitializing for mig/dataisbest-pavlov-entity-extraction-79749c565b-26tj6 (pavlov-entity-extraction)"[0m[0m
[90m10:27PM[0m [31mERR[0m [1mlogs-stream[0m [36merror=[0m[31m[1m"stream logs failed container \"tar-extract\" in pod \"dataisbest-pavlov-entity-extraction-79749c565b-26tj6\" is waiting to start: PodInitializing for mig/dataisbest-pavlov-entity-extraction-79749c565b-26tj6 (tar-extract)"[0m[0m
[90m10:27PM[0m [31mERR[0m [1mlogs-stream[0m [36merror=[0m[31m[1m"stream logs failed container \"pavlov-entity-extraction\" in pod \"dataisbest-pavlov-entity-extraction-79749c565b-26tj6\" is waiting to start: PodInitializing for mig/dataisbest-pavlov-entity-extraction-79749c565b-26tj6 (pavlov-entity-extraction)"[0m[0m
[90m10:27PM[0m [31mERR[0m [1mlogs-stream[0m [36merror=[0m[31m[1m"stream logs failed container \"tar-extract\" in pod \"dataisbest-pavlov-entity-extraction-79749c565b-26tj6\" is waiting to start: PodInitializing for mig/dataisbest-pavlov-entity-extraction-79749c565b-26tj6 (tar-extract)"[0m[0m
[90m10:27PM[0m [31mERR[0m [1mlogs-stream[0m [36merror=[0m[31m[1m"stream logs failed container \"pavlov-entity-extraction\" in pod \"dataisbest-pavlov-entity-extraction-79749c565b-26tj6\" is waiting to start: PodInitializing for mig/dataisbest-pavlov-entity-extraction-79749c565b-26tj6 (pavlov-entity-extraction)"[0m[0m
[90m10:27PM[0m [31mERR[0m [1mlogs-stream[0m [36merror=[0m[31m[1m"stream logs failed container \"pavlov-entity-extraction\" in pod \"dataisbest-pavlov-entity-extraction-79749c565b-26tj6\" is waiting to start: PodInitializing for mig/dataisbest-pavlov-entity-extraction-79749c565b-26tj6 (pavlov-entity-extraction)"[0m[0m
[90m10:27PM[0m [31mERR[0m [1mlogs-stream[0m [36merror=[0m[31m[1m"stream logs failed container \"tar-extract\" in pod \"dataisbest-pavlov-entity-extraction-79749c565b-26tj6\" is waiting to start: PodInitializing for mig/dataisbest-pavlov-entity-extraction-79749c565b-26tj6 (tar-extract)"[0m[0m
[90m10:27PM[0m [31mERR[0m [1mlogs-stream[0m [36merror=[0m[31m[1m"stream logs failed container \"tar-extract\" in pod \"dataisbest-pavlov-entity-extraction-79749c565b-26tj6\" is waiting to start: PodInitializing for mig/dataisbest-pavlov-entity-extraction-79749c565b-26tj6 (tar-extract)"[0m[0m
[90m10:27PM[0m [31mERR[0m [1mlogs-stream[0m [36merror=[0m[31m[1m"stream logs failed container \"pavlov-entity-extraction\" in pod \"dataisbest-pavlov-entity-extraction-79749c565b-26tj6\" is waiting to start: PodInitializing for mig/dataisbest-pavlov-entity-extraction-79749c565b-26tj6 (pavlov-entity-extraction)"[0m[0m
[90m10:27PM[0m [31mERR[0m [1mlogs-stream[0m [36merror=[0m[31m[1m"stream logs failed container \"tar-extract\" in pod \"dataisbest-pavlov-entity-extraction-79749c565b-26tj6\" is waiting to start: PodInitializing for mig/dataisbest-pavlov-entity-extraction-79749c565b-26tj6 (tar-extract)"[0m[0m
[90m10:27PM[0m [31mERR[0m [1mlogs-stream[0m [36merror=[0m[31m[1m"stream logs failed container \"pavlov-entity-extraction\" in pod \"dataisbest-pavlov-entity-extraction-79749c565b-26tj6\" is waiting to start: PodInitializing for mig/dataisbest-pavlov-entity-extraction-79749c565b-26tj6 (pavlov-entity-extraction)"[0m[0m
[90m10:27PM[0m [31mERR[0m [1mlogs-stream[0m [36merror=[0m[31m[1m"stream logs failed container \"tar-extract\" in pod \"dataisbest-pavlov-entity-extraction-79749c565b-26tj6\" is waiting to start: PodInitializing for mig/dataisbest-pavlov-entity-extraction-79749c565b-26tj6 (tar-extract)"[0m[0m
[90m10:27PM[0m [31mERR[0m [1mlogs-stream[0m [36merror=[0m[31m[1m"stream logs failed container \"pavlov-entity-extraction\" in pod \"dataisbest-pavlov-entity-extraction-79749c565b-26tj6\" is waiting to start: PodInitializing for mig/dataisbest-pavlov-entity-extraction-79749c565b-26tj6 (pavlov-entity-extraction)"[0m[0m
[90m10:27PM[0m [31mERR[0m [1mlogs-stream[0m [36merror=[0m[31m[1m"stream logs failed container \"tar-extract\" in pod \"dataisbest-pavlov-entity-extraction-79749c565b-26tj6\" is waiting to start: PodInitializing for mig/dataisbest-pavlov-entity-extraction-79749c565b-26tj6 (tar-extract)"[0m[0m
[90m10:27PM[0m [31mERR[0m [1mlogs-stream[0m [36merror=[0m[31m[1m"stream logs failed container \"pavlov-entity-extraction\" in pod \"dataisbest-pavlov-entity-extraction-79749c565b-26tj6\" is waiting to start: PodInitializing for mig/dataisbest-pavlov-entity-extraction-79749c565b-26tj6 (pavlov-entity-extraction)"[0m[0m
[90m10:27PM[0m [31mERR[0m [1mlogs-stream[0m [36merror=[0m[31m[1m"stream logs failed container \"tar-extract\" in pod \"dataisbest-pavlov-entity-extraction-79749c565b-26tj6\" is waiting to start: PodInitializing for mig/dataisbest-pavlov-entity-extraction-79749c565b-26tj6 (tar-extract)"[0m[0m
[90m10:27PM[0m [31mERR[0m [1mlogs-stream[0m [36merror=[0m[31m[1m"stream logs failed container \"pavlov-entity-extraction\" in pod \"dataisbest-pavlov-entity-extraction-79749c565b-26tj6\" is waiting to start: PodInitializing for mig/dataisbest-pavlov-entity-extraction-79749c565b-26tj6 (pavlov-entity-extraction)"[0m[0m
[90m10:27PM[0m [31mERR[0m [1mlogs-stream[0m [36merror=[0m[31m[1m"stream logs failed container \"pavlov-entity-extraction\" in pod \"dataisbest-pavlov-entity-extraction-79749c565b-26tj6\" is waiting to start: PodInitializing for mig/dataisbest-pavlov-entity-extraction-79749c565b-26tj6 (pavlov-entity-extraction)"[0m[0m
[90m10:27PM[0m [31mERR[0m [1mlogs-stream[0m [36merror=[0m[31m[1m"stream logs failed container \"tar-extract\" in pod \"dataisbest-pavlov-entity-extraction-79749c565b-26tj6\" is waiting to start: PodInitializing for mig/dataisbest-pavlov-entity-extraction-79749c565b-26tj6 (tar-extract)"[0m[0m
[90m10:27PM[0m [33mWRN[0m [1mlog-reader canceled[0m [36merror=[0m[31m[1m"Stream canceled context canceled for mig/dataisbest-pavlov-entity-extraction-79749c565b-26tj6 (data-loader)"[0m[0m
[90m10:27PM[0m [31mERR[0m [1mlogs-stream[0m [36merror=[0m[31m[1m"stream logs failed container \"pavlov-entity-extraction\" in pod \"dataisbest-pavlov-entity-extraction-79749c565b-26tj6\" is waiting to start: PodInitializing for mig/dataisbest-pavlov-entity-extraction-79749c565b-26tj6 (pavlov-entity-extraction)"[0m[0m
[90m10:27PM[0m [31mERR[0m [1mlogs-stream[0m [36merror=[0m[31m[1m"stream logs failed container \"tar-extract\" in pod \"dataisbest-pavlov-entity-extraction-79749c565b-26tj6\" is waiting to start: PodInitializing for mig/dataisbest-pavlov-entity-extraction-79749c565b-26tj6 (tar-extract)"[0m[0m
[90m10:27PM[0m [33mWRN[0m [1mlog-reader EOF[0m [36merror=[0m[31m[1m"Stream closed EOF for mig/dataisbest-pavlov-entity-extraction-79749c565b-26tj6 (data-loader)"[0m[0m
[90m10:27PM[0m [31mERR[0m [1mlogs-stream[0m [36merror=[0m[31m[1m"stream logs failed container \"pavlov-entity-extraction\" in pod \"dataisbest-pavlov-entity-extraction-79749c565b-26tj6\" is waiting to start: PodInitializing for mig/dataisbest-pavlov-entity-extraction-79749c565b-26tj6 (pavlov-entity-extraction)"[0m[0m
[90m10:27PM[0m [31mERR[0m [1mlogs-stream[0m [36merror=[0m[31m[1m"stream logs failed container \"tar-extract\" in pod \"dataisbest-pavlov-entity-extraction-79749c565b-26tj6\" is waiting to start: PodInitializing for mig/dataisbest-pavlov-entity-extraction-79749c565b-26tj6 (tar-extract)"[0m[0m
[90m10:27PM[0m [31mERR[0m [1mlogs-stream[0m [36merror=[0m[31m[1m"stream logs failed client rate limiter Wait returned an error: context canceled for mig/dataisbest-pavlov-entity-extraction-79749c565b-26tj6 (pavlov-entity-extraction)"[0m[0m
[90m10:27PM[0m [31mERR[0m [1mlogs-stream[0m [36merror=[0m[31m[1m"stream logs failed client rate limiter Wait returned an error: context canceled for mig/dataisbest-pavlov-entity-extraction-79749c565b-26tj6 (tar-extract)"[0m[0m
[90m10:27PM[0m [33mWRN[0m [1mlog-reader EOF[0m [36merror=[0m[31m[1m"Stream closed EOF for mig/dataisbest-pavlov-entity-extraction-79749c565b-26tj6 (data-loader)"[0m[0m
[90m10:27PM[0m [33mWRN[0m [1mlog-reader EOF[0m [36merror=[0m[31m[1m"Stream closed EOF for mig/dataisbest-pavlov-entity-extraction-79749c565b-26tj6 (tar-extract)"[0m[0m
[90m10:27PM[0m [31mERR[0m [1mlogs-stream[0m [36merror=[0m[31m[1m"stream logs failed container \"pavlov-entity-extraction\" in pod \"dataisbest-pavlov-entity-extraction-79749c565b-26tj6\" is waiting to start: PodInitializing for mig/dataisbest-pavlov-entity-extraction-79749c565b-26tj6 (pavlov-entity-extraction)"[0m[0m
[90m10:27PM[0m [31mERR[0m [1mlogs-stream[0m [36merror=[0m[31m[1m"stream logs failed container \"pavlov-entity-extraction\" in pod \"dataisbest-pavlov-entity-extraction-79749c565b-26tj6\" is waiting to start: PodInitializing for mig/dataisbest-pavlov-entity-extraction-79749c565b-26tj6 (pavlov-entity-extraction)"[0m[0m
[90m10:27PM[0m [31mERR[0m [1mlogs-stream[0m [36merror=[0m[31m[1m"stream logs failed container \"pavlov-entity-extraction\" in pod \"dataisbest-pavlov-entity-extraction-79749c565b-26tj6\" is waiting to start: PodInitializing for mig/dataisbest-pavlov-entity-extraction-79749c565b-26tj6 (pavlov-entity-extraction)"[0m[0m
[90m10:27PM[0m [31mERR[0m [1mlogs-stream[0m [36merror=[0m[31m[1m"stream logs failed container \"pavlov-entity-extraction\" in pod \"dataisbest-pavlov-entity-extraction-79749c565b-26tj6\" is waiting to start: PodInitializing for mig/dataisbest-pavlov-entity-extraction-79749c565b-26tj6 (pavlov-entity-extraction)"[0m[0m
[90m10:27PM[0m [31mERR[0m [1mlogs-stream[0m [36merror=[0m[31m[1m"stream logs failed container \"pavlov-entity-extraction\" in pod \"dataisbest-pavlov-entity-extraction-79749c565b-26tj6\" is waiting to start: PodInitializing for mig/dataisbest-pavlov-entity-extraction-79749c565b-26tj6 (pavlov-entity-extraction)"[0m[0m
[90m10:27PM[0m [31mERR[0m [1mlogs-stream[0m [36merror=[0m[31m[1m"stream logs failed container \"pavlov-entity-extraction\" in pod \"dataisbest-pavlov-entity-extraction-79749c565b-26tj6\" is waiting to start: PodInitializing for mig/dataisbest-pavlov-entity-extraction-79749c565b-26tj6 (pavlov-entity-extraction)"[0m[0m
[90m10:27PM[0m [31mERR[0m [1mlogs-stream[0m [36merror=[0m[31m[1m"stream logs failed container \"pavlov-entity-extraction\" in pod \"dataisbest-pavlov-entity-extraction-79749c565b-26tj6\" is waiting to start: PodInitializing for mig/dataisbest-pavlov-entity-extraction-79749c565b-26tj6 (pavlov-entity-extraction)"[0m[0m
[90m10:27PM[0m [31mERR[0m [1mlogs-stream[0m [36merror=[0m[31m[1m"stream logs failed container \"pavlov-entity-extraction\" in pod \"dataisbest-pavlov-entity-extraction-79749c565b-26tj6\" is waiting to start: PodInitializing for mig/dataisbest-pavlov-entity-extraction-79749c565b-26tj6 (pavlov-entity-extraction)"[0m[0m
[90m10:27PM[0m [31mERR[0m [1mlogs-stream[0m [36merror=[0m[31m[1m"stream logs failed container \"pavlov-entity-extraction\" in pod \"dataisbest-pavlov-entity-extraction-79749c565b-26tj6\" is waiting to start: PodInitializing for mig/dataisbest-pavlov-entity-extraction-79749c565b-26tj6 (pavlov-entity-extraction)"[0m[0m
[90m10:27PM[0m [31mERR[0m [1mlogs-stream[0m [36merror=[0m[31m[1m"stream logs failed container \"pavlov-entity-extraction\" in pod \"dataisbest-pavlov-entity-extraction-79749c565b-26tj6\" is waiting to start: PodInitializing for mig/dataisbest-pavlov-entity-extraction-79749c565b-26tj6 (pavlov-entity-extraction)"[0m[0m
[90m10:27PM[0m [31mERR[0m [1mlogs-stream[0m [36merror=[0m[31m[1m"stream logs failed container \"pavlov-entity-extraction\" in pod \"dataisbest-pavlov-entity-extraction-79749c565b-26tj6\" is waiting to start: PodInitializing for mig/dataisbest-pavlov-entity-extraction-79749c565b-26tj6 (pavlov-entity-extraction)"[0m[0m
[90m10:27PM[0m [31mERR[0m [1mlogs-stream[0m [36merror=[0m[31m[1m"stream logs failed container \"pavlov-entity-extraction\" in pod \"dataisbest-pavlov-entity-extraction-79749c565b-26tj6\" is waiting to start: PodInitializing for mig/dataisbest-pavlov-entity-extraction-79749c565b-26tj6 (pavlov-entity-extraction)"[0m[0m
[90m10:27PM[0m [31mERR[0m [1mlogs-stream[0m [36merror=[0m[31m[1m"stream logs failed container \"pavlov-entity-extraction\" in pod \"dataisbest-pavlov-entity-extraction-79749c565b-26tj6\" is waiting to start: PodInitializing for mig/dataisbest-pavlov-entity-extraction-79749c565b-26tj6 (pavlov-entity-extraction)"[0m[0m
[90m10:27PM[0m [31mERR[0m [1mlogs-stream[0m [36merror=[0m[31m[1m"stream logs failed container \"pavlov-entity-extraction\" in pod \"dataisbest-pavlov-entity-extraction-79749c565b-26tj6\" is waiting to start: PodInitializing for mig/dataisbest-pavlov-entity-extraction-79749c565b-26tj6 (pavlov-entity-extraction)"[0m[0m
[90m10:27PM[0m [31mERR[0m [1mlogs-stream[0m [36merror=[0m[31m[1m"stream logs failed container \"pavlov-entity-extraction\" in pod \"dataisbest-pavlov-entity-extraction-79749c565b-26tj6\" is waiting to start: PodInitializing for mig/dataisbest-pavlov-entity-extraction-79749c565b-26tj6 (pavlov-entity-extraction)"[0m[0m
[90m10:27PM[0m [31mERR[0m [1mlogs-stream[0m [36merror=[0m[31m[1m"stream logs failed container \"pavlov-entity-extraction\" in pod \"dataisbest-pavlov-entity-extraction-79749c565b-26tj6\" is waiting to start: PodInitializing for mig/dataisbest-pavlov-entity-extraction-79749c565b-26tj6 (pavlov-entity-extraction)"[0m[0m
[90m10:27PM[0m [31mERR[0m [1mlogs-stream[0m [36merror=[0m[31m[1m"stream logs failed container \"pavlov-entity-extraction\" in pod \"dataisbest-pavlov-entity-extraction-79749c565b-26tj6\" is waiting to start: PodInitializing for mig/dataisbest-pavlov-entity-extraction-79749c565b-26tj6 (pavlov-entity-extraction)"[0m[0m
[90m10:27PM[0m [31mERR[0m [1mlogs-stream[0m [36merror=[0m[31m[1m"stream logs failed container \"pavlov-entity-extraction\" in pod \"dataisbest-pavlov-entity-extraction-79749c565b-26tj6\" is waiting to start: PodInitializing for mig/dataisbest-pavlov-entity-extraction-79749c565b-26tj6 (pavlov-entity-extraction)"[0m[0m
[90m10:27PM[0m [31mERR[0m [1mlogs-stream[0m [36merror=[0m[31m[1m"stream logs failed container \"pavlov-entity-extraction\" in pod \"dataisbest-pavlov-entity-extraction-79749c565b-26tj6\" is waiting to start: PodInitializing for mig/dataisbest-pavlov-entity-extraction-79749c565b-26tj6 (pavlov-entity-extraction)"[0m[0m
[90m10:27PM[0m [31mERR[0m [1mlogs-stream[0m [36merror=[0m[31m[1m"stream logs failed container \"pavlov-entity-extraction\" in pod \"dataisbest-pavlov-entity-extraction-79749c565b-26tj6\" is waiting to start: PodInitializing for mig/dataisbest-pavlov-entity-extraction-79749c565b-26tj6 (pavlov-entity-extraction)"[0m[0m
[90m10:28PM[0m [31mERR[0m [1mlogs-stream[0m [36merror=[0m[31m[1m"stream logs failed container \"pavlov-entity-extraction\" in pod \"dataisbest-pavlov-entity-extraction-79749c565b-26tj6\" is waiting to start: PodInitializing for mig/dataisbest-pavlov-entity-extraction-79749c565b-26tj6 (pavlov-entity-extraction)"[0m[0m
[90m10:28PM[0m [33mWRN[0m [1mlog-reader EOF[0m [36merror=[0m[31m[1m"Stream closed EOF for mig/dataisbest-pavlov-entity-extraction-79749c565b-26tj6 (tar-extract)"[0m[0m
[90m10:28PM[0m [33mWRN[0m [1mlog-reader EOF[0m [36merror=[0m[31m[1m"Stream closed EOF for mig/dataisbest-pavlov-entity-extraction-79749c565b-26tj6 (data-loader)"[0m[0m
[90m10:28PM[0m [31mERR[0m [1mlogs-stream[0m [36merror=[0m[31m[1m"stream logs failed container \"pavlov-entity-extraction\" in pod \"dataisbest-pavlov-entity-extraction-79749c565b-26tj6\" is waiting to start: PodInitializing for mig/dataisbest-pavlov-entity-extraction-79749c565b-26tj6 (pavlov-entity-extraction)"[0m[0m
[90m10:28PM[0m [31mERR[0m [1mlogs-stream[0m [36merror=[0m[31m[1m"stream logs failed container \"pavlov-entity-extraction\" in pod \"dataisbest-pavlov-entity-extraction-79749c565b-26tj6\" is waiting to start: PodInitializing for mig/dataisbest-pavlov-entity-extraction-79749c565b-26tj6 (pavlov-entity-extraction)"[0m[0m
[90m10:28PM[0m [31mERR[0m [1mlogs-stream[0m [36merror=[0m[31m[1m"stream logs failed container \"pavlov-entity-extraction\" in pod \"dataisbest-pavlov-entity-extraction-79749c565b-26tj6\" is waiting to start: PodInitializing for mig/dataisbest-pavlov-entity-extraction-79749c565b-26tj6 (pavlov-entity-extraction)"[0m[0m
[90m10:28PM[0m [31mERR[0m [1mlogs-stream[0m [36merror=[0m[31m[1m"stream logs failed container \"pavlov-entity-extraction\" in pod \"dataisbest-pavlov-entity-extraction-79749c565b-26tj6\" is waiting to start: PodInitializing for mig/dataisbest-pavlov-entity-extraction-79749c565b-26tj6 (pavlov-entity-extraction)"[0m[0m
[90m10:28PM[0m [31mERR[0m [1mlogs-stream[0m [36merror=[0m[31m[1m"stream logs failed container \"pavlov-entity-extraction\" in pod \"dataisbest-pavlov-entity-extraction-79749c565b-26tj6\" is waiting to start: PodInitializing for mig/dataisbest-pavlov-entity-extraction-79749c565b-26tj6 (pavlov-entity-extraction)"[0m[0m
[90m10:28PM[0m [31mERR[0m [1mlogs-stream[0m [36merror=[0m[31m[1m"stream logs failed container \"pavlov-entity-extraction\" in pod \"dataisbest-pavlov-entity-extraction-79749c565b-26tj6\" is waiting to start: PodInitializing for mig/dataisbest-pavlov-entity-extraction-79749c565b-26tj6 (pavlov-entity-extraction)"[0m[0m
[90m10:28PM[0m [33mWRN[0m [1mlog-reader EOF[0m [36merror=[0m[31m[1m"Stream closed EOF for mig/dataisbest-pavlov-entity-extraction-79749c565b-26tj6 (tar-extract)"[0m[0m
[90m10:28PM[0m [33mWRN[0m [1mlog-reader EOF[0m [36merror=[0m[31m[1m"Stream closed EOF for mig/dataisbest-pavlov-entity-extraction-79749c565b-26tj6 (data-loader)"[0m[0m
[90m10:28PM[0m [31mERR[0m [1mlogs-stream[0m [36merror=[0m[31m[1m"stream logs failed client rate limiter Wait returned an error: context canceled for mig/dataisbest-pavlov-entity-extraction-79749c565b-26tj6 (pavlov-entity-extraction)"[0m[0m
[90m10:28PM[0m [31mERR[0m [1mlogs-stream[0m [36merror=[0m[31m[1m"stream logs failed container \"pavlov-entity-extraction\" in pod \"dataisbest-pavlov-entity-extraction-79749c565b-26tj6\" is waiting to start: PodInitializing for mig/dataisbest-pavlov-entity-extraction-79749c565b-26tj6 (pavlov-entity-extraction)"[0m[0m
[90m10:28PM[0m [33mWRN[0m [1mlog-reader EOF[0m [36merror=[0m[31m[1m"Stream closed EOF for mig/dataisbest-pavlov-entity-extraction-79749c565b-26tj6 (data-loader)"[0m[0m
[90m10:28PM[0m [33mWRN[0m [1mlog-reader EOF[0m [36merror=[0m[31m[1m"Stream closed EOF for mig/dataisbest-pavlov-entity-extraction-79749c565b-26tj6 (tar-extract)"[0m[0m
[90m10:28PM[0m [31mERR[0m [1mlogs-stream[0m [36merror=[0m[31m[1m"stream logs failed container \"pavlov-entity-extraction\" in pod \"dataisbest-pavlov-entity-extraction-79749c565b-26tj6\" is waiting to start: PodInitializing for mig/dataisbest-pavlov-entity-extraction-79749c565b-26tj6 (pavlov-entity-extraction)"[0m[0m
[90m10:28PM[0m [33mWRN[0m [1mlog-reader EOF[0m [36merror=[0m[31m[1m"Stream closed EOF for mig/dataisbest-pavlov-entity-extraction-79749c565b-26tj6 (data-loader)"[0m[0m
[90m10:28PM[0m [33mWRN[0m [1mlog-reader EOF[0m [36merror=[0m[31m[1m"Stream closed EOF for mig/dataisbest-pavlov-entity-extraction-79749c565b-26tj6 (tar-extract)"[0m[0m
[90m10:28PM[0m [31mERR[0m [1mlogs-stream[0m [36merror=[0m[31m[1m"stream logs failed client rate limiter Wait returned an error: context canceled for mig/dataisbest-pavlov-entity-extraction-79749c565b-26tj6 (pavlov-entity-extraction)"[0m[0m
[90m10:28PM[0m [31mERR[0m [1mlogs-stream[0m [36merror=[0m[31m[1m"stream logs failed client rate limiter Wait returned an error: context canceled for mig/dataisbest-pavlov-entity-extraction-79749c565b-26tj6 (pavlov-entity-extraction)"[0m[0m
[90m10:28PM[0m [31mERR[0m [1mlogs-stream[0m [36merror=[0m[31m[1m"stream logs failed container \"pavlov-entity-extraction\" in pod \"dataisbest-pavlov-entity-extraction-79749c565b-26tj6\" is waiting to start: PodInitializing for mig/dataisbest-pavlov-entity-extraction-79749c565b-26tj6 (pavlov-entity-extraction)"[0m[0m
[90m10:28PM[0m [31mERR[0m [1mlogs-stream[0m [36merror=[0m[31m[1m"stream logs failed container \"pavlov-entity-extraction\" in pod \"dataisbest-pavlov-entity-extraction-79749c565b-26tj6\" is waiting to start: PodInitializing for mig/dataisbest-pavlov-entity-extraction-79749c565b-26tj6 (pavlov-entity-extraction)"[0m[0m
[90m10:28PM[0m [31mERR[0m [1mlogs-stream[0m [36merror=[0m[31m[1m"stream logs failed container \"pavlov-entity-extraction\" in pod \"dataisbest-pavlov-entity-extraction-79749c565b-26tj6\" is waiting to start: PodInitializing for mig/dataisbest-pavlov-entity-extraction-79749c565b-26tj6 (pavlov-entity-extraction)"[0m[0m
[90m10:28PM[0m [33mWRN[0m [1mlog-reader EOF[0m [36merror=[0m[31m[1m"Stream closed EOF for mig/dataisbest-pavlov-entity-extraction-79749c565b-26tj6 (tar-extract)"[0m[0m
[90m10:28PM[0m [33mWRN[0m [1mlog-reader EOF[0m [36merror=[0m[31m[1m"Stream closed EOF for mig/dataisbest-pavlov-entity-extraction-79749c565b-26tj6 (data-loader)"[0m[0m
[90m10:28PM[0m [31mERR[0m [1mlogs-stream[0m [36merror=[0m[31m[1m"stream logs failed container \"pavlov-entity-extraction\" in pod \"dataisbest-pavlov-entity-extraction-79749c565b-26tj6\" is waiting to start: PodInitializing for mig/dataisbest-pavlov-entity-extraction-79749c565b-26tj6 (pavlov-entity-extraction)"[0m[0m
[90m10:28PM[0m [33mWRN[0m [1mlog-reader EOF[0m [36merror=[0m[31m[1m"Stream closed EOF for mig/dataisbest-pavlov-entity-extraction-79749c565b-26tj6 (tar-extract)"[0m[0m
[90m10:28PM[0m [33mWRN[0m [1mlog-reader EOF[0m [36merror=[0m[31m[1m"Stream closed EOF for mig/dataisbest-pavlov-entity-extraction-79749c565b-26tj6 (data-loader)"[0m[0m
[90m10:28PM[0m [31mERR[0m [1mlogs-stream[0m [36merror=[0m[31m[1m"stream logs failed client rate limiter Wait returned an error: context canceled for mig/dataisbest-pavlov-entity-extraction-79749c565b-26tj6 (pavlov-entity-extraction)"[0m[0m
[90m10:28PM[0m [31mERR[0m [1mlogs-stream[0m [36merror=[0m[31m[1m"stream logs failed container \"pavlov-entity-extraction\" in pod \"dataisbest-pavlov-entity-extraction-79749c565b-26tj6\" is waiting to start: PodInitializing for mig/dataisbest-pavlov-entity-extraction-79749c565b-26tj6 (pavlov-entity-extraction)"[0m[0m
[90m10:28PM[0m [33mWRN[0m [1mlog-reader EOF[0m [36merror=[0m[31m[1m"Stream closed EOF for mig/dataisbest-pavlov-entity-extraction-79749c565b-26tj6 (data-loader)"[0m[0m
[90m10:28PM[0m [33mWRN[0m [1mlog-reader EOF[0m [36merror=[0m[31m[1m"Stream closed EOF for mig/dataisbest-pavlov-entity-extraction-79749c565b-26tj6 (tar-extract)"[0m[0m
[90m10:28PM[0m [31mERR[0m [1mlogs-stream[0m [36merror=[0m[31m[1m"stream logs failed client rate limiter Wait returned an error: context canceled for mig/dataisbest-pavlov-entity-extraction-79749c565b-26tj6 (pavlov-entity-extraction)"[0m[0m
[90m10:28PM[0m [31mERR[0m [1mlogs-stream[0m [36merror=[0m[31m[1m"stream logs failed client rate limiter Wait returned an error: context canceled for mig/dataisbest-pavlov-entity-extraction-79749c565b-26tj6 (pavlov-entity-extraction)"[0m[0m
[90m10:28PM[0m [31mERR[0m [1mlogs-stream[0m [36merror=[0m[31m[1m"stream logs failed container \"pavlov-entity-extraction\" in pod \"dataisbest-pavlov-entity-extraction-79749c565b-26tj6\" is waiting to start: PodInitializing for mig/dataisbest-pavlov-entity-extraction-79749c565b-26tj6 (pavlov-entity-extraction)"[0m[0m
[90m10:28PM[0m [31mERR[0m [1mlogs-stream[0m [36merror=[0m[31m[1m"stream logs failed container \"pavlov-entity-extraction\" in pod \"dataisbest-pavlov-entity-extraction-79749c565b-26tj6\" is waiting to start: PodInitializing for mig/dataisbest-pavlov-entity-extraction-79749c565b-26tj6 (pavlov-entity-extraction)"[0m[0m
[90m10:28PM[0m [33mWRN[0m [1mlog-reader EOF[0m [36merror=[0m[31m[1m"Stream closed EOF for mig/dataisbest-pavlov-entity-extraction-79749c565b-26tj6 (tar-extract)"[0m[0m
[90m10:28PM[0m [33mWRN[0m [1mlog-reader EOF[0m [36merror=[0m[31m[1m"Stream closed EOF for mig/dataisbest-pavlov-entity-extraction-79749c565b-26tj6 (data-loader)"[0m[0m
[90m10:28PM[0m [31mERR[0m [1mlogs-stream[0m [36merror=[0m[31m[1m"stream logs failed client rate limiter Wait returned an error: context canceled for mig/dataisbest-pavlov-entity-extraction-79749c565b-26tj6 (pavlov-entity-extraction)"[0m[0m
[90m10:28PM[0m [31mERR[0m [1mlogs-stream[0m [36merror=[0m[31m[1m"stream logs failed container \"pavlov-entity-extraction\" in pod \"dataisbest-pavlov-entity-extraction-79749c565b-26tj6\" is waiting to start: PodInitializing for mig/dataisbest-pavlov-entity-extraction-79749c565b-26tj6 (pavlov-entity-extraction)"[0m[0m
[90m10:29PM[0m [31mERR[0m [1mlogs-stream[0m [36merror=[0m[31m[1m"stream logs failed container \"pavlov-entity-extraction\" in pod \"dataisbest-pavlov-entity-extraction-79749c565b-26tj6\" is waiting to start: PodInitializing for mig/dataisbest-pavlov-entity-extraction-79749c565b-26tj6 (pavlov-entity-extraction)"[0m[0m
[90m10:29PM[0m [33mWRN[0m [1mlog-reader EOF[0m [36merror=[0m[31m[1m"Stream closed EOF for mig/dataisbest-pavlov-entity-extraction-79749c565b-26tj6 (tar-extract)"[0m[0m
[90m10:29PM[0m [33mWRN[0m [1mlog-reader EOF[0m [36merror=[0m[31m[1m"Stream closed EOF for mig/dataisbest-pavlov-entity-extraction-79749c565b-26tj6 (data-loader)"[0m[0m
[90m10:29PM[0m [31mERR[0m [1mlogs-stream[0m [36merror=[0m[31m[1m"stream logs failed client rate limiter Wait returned an error: context canceled for mig/dataisbest-pavlov-entity-extraction-79749c565b-26tj6 (pavlov-entity-extraction)"[0m[0m
[90m10:29PM[0m [31mERR[0m [1mlogs-stream[0m [36merror=[0m[31m[1m"stream logs failed container \"pavlov-entity-extraction\" in pod \"dataisbest-pavlov-entity-extraction-79749c565b-26tj6\" is waiting to start: PodInitializing for mig/dataisbest-pavlov-entity-extraction-79749c565b-26tj6 (pavlov-entity-extraction)"[0m[0m
[90m10:29PM[0m [31mERR[0m [1mlogs-stream[0m [36merror=[0m[31m[1m"stream logs failed container \"pavlov-entity-extraction\" in pod \"dataisbest-pavlov-entity-extraction-79749c565b-26tj6\" is waiting to start: PodInitializing for mig/dataisbest-pavlov-entity-extraction-79749c565b-26tj6 (pavlov-entity-extraction)"[0m[0m
[90m10:29PM[0m [31mERR[0m [1mlogs-stream[0m [36merror=[0m[31m[1m"stream logs failed container \"pavlov-entity-extraction\" in pod \"dataisbest-pavlov-entity-extraction-79749c565b-26tj6\" is waiting to start: PodInitializing for mig/dataisbest-pavlov-entity-extraction-79749c565b-26tj6 (pavlov-entity-extraction)"[0m[0m
[90m10:29PM[0m [33mWRN[0m [1mlog-reader EOF[0m [36merror=[0m[31m[1m"Stream closed EOF for mig/dataisbest-pavlov-entity-extraction-79749c565b-26tj6 (tar-extract)"[0m[0m
[90m10:29PM[0m [33mWRN[0m [1mlog-reader EOF[0m [36merror=[0m[31m[1m"Stream closed EOF for mig/dataisbest-pavlov-entity-extraction-79749c565b-26tj6 (data-loader)"[0m[0m
[90m10:29PM[0m [31mERR[0m [1mlogs-stream[0m [36merror=[0m[31m[1m"stream logs failed client rate limiter Wait returned an error: context canceled for mig/dataisbest-pavlov-entity-extraction-79749c565b-26tj6 (pavlov-entity-extraction)"[0m[0m
[90m10:29PM[0m [31mERR[0m [1mlogs-stream[0m [36merror=[0m[31m[1m"stream logs failed container \"pavlov-entity-extraction\" in pod \"dataisbest-pavlov-entity-extraction-79749c565b-26tj6\" is waiting to start: PodInitializing for mig/dataisbest-pavlov-entity-extraction-79749c565b-26tj6 (pavlov-entity-extraction)"[0m[0m
[90m10:29PM[0m [33mWRN[0m [1mlog-reader EOF[0m [36merror=[0m[31m[1m"Stream closed EOF for mig/dataisbest-pavlov-entity-extraction-79749c565b-26tj6 (tar-extract)"[0m[0m
[90m10:29PM[0m [33mWRN[0m [1mlog-reader EOF[0m [36merror=[0m[31m[1m"Stream closed EOF for mig/dataisbest-pavlov-entity-extraction-79749c565b-26tj6 (data-loader)"[0m[0m
[90m10:29PM[0m [31mERR[0m [1mlogs-stream[0m [36merror=[0m[31m[1m"stream logs failed container \"pavlov-entity-extraction\" in pod \"dataisbest-pavlov-entity-extraction-79749c565b-26tj6\" is waiting to start: PodInitializing for mig/dataisbest-pavlov-entity-extraction-79749c565b-26tj6 (pavlov-entity-extraction)"[0m[0m
[90m10:29PM[0m [33mWRN[0m [1mlog-reader EOF[0m [36merror=[0m[31m[1m"Stream closed EOF for mig/dataisbest-pavlov-entity-extraction-79749c565b-26tj6 (tar-extract)"[0m[0m
[90m10:29PM[0m [33mWRN[0m [1mlog-reader EOF[0m [36merror=[0m[31m[1m"Stream closed EOF for mig/dataisbest-pavlov-entity-extraction-79749c565b-26tj6 (data-loader)"[0m[0m
[90m10:29PM[0m [31mERR[0m [1mlogs-stream[0m [36merror=[0m[31m[1m"stream logs failed client rate limiter Wait returned an error: context canceled for mig/dataisbest-pavlov-entity-extraction-79749c565b-26tj6 (pavlov-entity-extraction)"[0m[0m
[90m10:29PM[0m [33mWRN[0m [1mlog-reader EOF[0m [36merror=[0m[31m[1m"Stream closed EOF for mig/dataisbest-pavlov-entity-extraction-79749c565b-26tj6 (tar-extract)"[0m[0m
[90m10:29PM[0m [31mERR[0m [1mlogs-stream[0m [36merror=[0m[31m[1m"stream logs failed container \"pavlov-entity-extraction\" in pod \"dataisbest-pavlov-entity-extraction-79749c565b-26tj6\" is waiting to start: PodInitializing for mig/dataisbest-pavlov-entity-extraction-79749c565b-26tj6 (pavlov-entity-extraction)"[0m[0m
[90m10:29PM[0m [33mWRN[0m [1mlog-reader EOF[0m [36merror=[0m[31m[1m"Stream closed EOF for mig/dataisbest-pavlov-entity-extraction-79749c565b-26tj6 (data-loader)"[0m[0m
[90m10:29PM[0m [31mERR[0m [1mlogs-stream[0m [36merror=[0m[31m[1m"stream logs failed container \"pavlov-entity-extraction\" in pod \"dataisbest-pavlov-entity-extraction-79749c565b-26tj6\" is waiting to start: PodInitializing for mig/dataisbest-pavlov-entity-extraction-79749c565b-26tj6 (pavlov-entity-extraction)"[0m[0m
[90m10:29PM[0m [33mWRN[0m [1mlog-reader EOF[0m [36merror=[0m[31m[1m"Stream closed EOF for mig/dataisbest-pavlov-entity-extraction-79749c565b-26tj6 (tar-extract)"[0m[0m
[90m10:29PM[0m [33mWRN[0m [1mlog-reader EOF[0m [36merror=[0m[31m[1m"Stream closed EOF for mig/dataisbest-pavlov-entity-extraction-79749c565b-26tj6 (data-loader)"[0m[0m
[90m10:29PM[0m [31mERR[0m [1mlogs-stream[0m [36merror=[0m[31m[1m"stream logs failed client rate limiter Wait returned an error: context canceled for mig/dataisbest-pavlov-entity-extraction-79749c565b-26tj6 (pavlov-entity-extraction)"[0m[0m
[90m10:29PM[0m [31mERR[0m [1mlogs-stream[0m [36merror=[0m[31m[1m"stream logs failed client rate limiter Wait returned an error: context canceled for mig/dataisbest-pavlov-entity-extraction-79749c565b-26tj6 (pavlov-entity-extraction)"[0m[0m
[90m10:29PM[0m [31mERR[0m [1mlogs-stream[0m [36merror=[0m[31m[1m"stream logs failed client rate limiter Wait returned an error: context canceled for mig/dataisbest-pavlov-entity-extraction-79749c565b-26tj6 (pavlov-entity-extraction)"[0m[0m
[90m10:29PM[0m [31mERR[0m [1mlogs-stream[0m [36merror=[0m[31m[1m"stream logs failed container \"pavlov-entity-extraction\" in pod \"dataisbest-pavlov-entity-extraction-79749c565b-26tj6\" is waiting to start: PodInitializing for mig/dataisbest-pavlov-entity-extraction-79749c565b-26tj6 (pavlov-entity-extraction)"[0m[0m
[90m10:29PM[0m [31mERR[0m [1mlogs-stream[0m [36merror=[0m[31m[1m"stream logs failed container \"pavlov-entity-extraction\" in pod \"dataisbest-pavlov-entity-extraction-79749c565b-26tj6\" is waiting to start: PodInitializing for mig/dataisbest-pavlov-entity-extraction-79749c565b-26tj6 (pavlov-entity-extraction)"[0m[0m
[90m10:29PM[0m [31mERR[0m [1mlogs-stream[0m [36merror=[0m[31m[1m"stream logs failed container \"pavlov-entity-extraction\" in pod \"dataisbest-pavlov-entity-extraction-79749c565b-26tj6\" is waiting to start: PodInitializing for mig/dataisbest-pavlov-entity-extraction-79749c565b-26tj6 (pavlov-entity-extraction)"[0m[0m
[90m10:29PM[0m [31mERR[0m [1mlogs-stream[0m [36merror=[0m[31m[1m"stream logs failed container \"pavlov-entity-extraction\" in pod \"dataisbest-pavlov-entity-extraction-79749c565b-26tj6\" is waiting to start: PodInitializing for mig/dataisbest-pavlov-entity-extraction-79749c565b-26tj6 (pavlov-entity-extraction)"[0m[0m
[90m10:29PM[0m [31mERR[0m [1mlogs-stream[0m [36merror=[0m[31m[1m"stream logs failed container \"pavlov-entity-extraction\" in pod \"dataisbest-pavlov-entity-extraction-79749c565b-26tj6\" is waiting to start: PodInitializing for mig/dataisbest-pavlov-entity-extraction-79749c565b-26tj6 (pavlov-entity-extraction)"[0m[0m
[90m10:29PM[0m [31mERR[0m [1mlogs-stream[0m [36merror=[0m[31m[1m"stream logs failed container \"pavlov-entity-extraction\" in pod \"dataisbest-pavlov-entity-extraction-79749c565b-26tj6\" is waiting to start: PodInitializing for mig/dataisbest-pavlov-entity-extraction-79749c565b-26tj6 (pavlov-entity-extraction)"[0m[0m
[90m10:29PM[0m [31mERR[0m [1mlogs-stream[0m [36merror=[0m[31m[1m"stream logs failed container \"pavlov-entity-extraction\" in pod \"dataisbest-pavlov-entity-extraction-79749c565b-26tj6\" is waiting to start: PodInitializing for mig/dataisbest-pavlov-entity-extraction-79749c565b-26tj6 (pavlov-entity-extraction)"[0m[0m
[90m10:29PM[0m [31mERR[0m [1mlogs-stream[0m [36merror=[0m[31m[1m"stream logs failed container \"pavlov-entity-extraction\" in pod \"dataisbest-pavlov-entity-extraction-79749c565b-26tj6\" is waiting to start: PodInitializing for mig/dataisbest-pavlov-entity-extraction-79749c565b-26tj6 (pavlov-entity-extraction)"[0m[0m
[90m10:29PM[0m [31mERR[0m [1mlogs-stream[0m [36merror=[0m[31m[1m"stream logs failed container \"pavlov-entity-extraction\" in pod \"dataisbest-pavlov-entity-extraction-79749c565b-26tj6\" is waiting to start: PodInitializing for mig/dataisbest-pavlov-entity-extraction-79749c565b-26tj6 (pavlov-entity-extraction)"[0m[0m
[90m10:29PM[0m [31mERR[0m [1mlogs-stream[0m [36merror=[0m[31m[1m"stream logs failed container \"pavlov-entity-extraction\" in pod \"dataisbest-pavlov-entity-extraction-79749c565b-26tj6\" is waiting to start: PodInitializing for mig/dataisbest-pavlov-entity-extraction-79749c565b-26tj6 (pavlov-entity-extraction)"[0m[0m
[90m10:29PM[0m [31mERR[0m [1mlogs-stream[0m [36merror=[0m[31m[1m"stream logs failed container \"pavlov-entity-extraction\" in pod \"dataisbest-pavlov-entity-extraction-79749c565b-26tj6\" is waiting to start: PodInitializing for mig/dataisbest-pavlov-entity-extraction-79749c565b-26tj6 (pavlov-entity-extraction)"[0m[0m
[90m10:29PM[0m [31mERR[0m [1mlogs-stream[0m [36merror=[0m[31m[1m"stream logs failed container \"pavlov-entity-extraction\" in pod \"dataisbest-pavlov-entity-extraction-79749c565b-26tj6\" is waiting to start: PodInitializing for mig/dataisbest-pavlov-entity-extraction-79749c565b-26tj6 (pavlov-entity-extraction)"[0m[0m
[90m10:29PM[0m [31mERR[0m [1mlogs-stream[0m [36merror=[0m[31m[1m"stream logs failed container \"pavlov-entity-extraction\" in pod \"dataisbest-pavlov-entity-extraction-79749c565b-26tj6\" is waiting to start: PodInitializing for mig/dataisbest-pavlov-entity-extraction-79749c565b-26tj6 (pavlov-entity-extraction)"[0m[0m
[90m10:29PM[0m [31mERR[0m [1mlogs-stream[0m [36merror=[0m[31m[1m"stream logs failed container \"pavlov-entity-extraction\" in pod \"dataisbest-pavlov-entity-extraction-79749c565b-26tj6\" is waiting to start: PodInitializing for mig/dataisbest-pavlov-entity-extraction-79749c565b-26tj6 (pavlov-entity-extraction)"[0m[0m
[90m10:29PM[0m [31mERR[0m [1mlogs-stream[0m [36merror=[0m[31m[1m"stream logs failed container \"pavlov-entity-extraction\" in pod \"dataisbest-pavlov-entity-extraction-79749c565b-26tj6\" is waiting to start: PodInitializing for mig/dataisbest-pavlov-entity-extraction-79749c565b-26tj6 (pavlov-entity-extraction)"[0m[0m
[90m10:29PM[0m [31mERR[0m [1mlogs-stream[0m [36merror=[0m[31m[1m"stream logs failed container \"pavlov-entity-extraction\" in pod \"dataisbest-pavlov-entity-extraction-79749c565b-26tj6\" is waiting to start: PodInitializing for mig/dataisbest-pavlov-entity-extraction-79749c565b-26tj6 (pavlov-entity-extraction)"[0m[0m
[90m10:29PM[0m [31mERR[0m [1mlogs-stream[0m [36merror=[0m[31m[1m"stream logs failed container \"pavlov-entity-extraction\" in pod \"dataisbest-pavlov-entity-extraction-79749c565b-26tj6\" is waiting to start: PodInitializing for mig/dataisbest-pavlov-entity-extraction-79749c565b-26tj6 (pavlov-entity-extraction)"[0m[0m
[90m10:29PM[0m [31mERR[0m [1mlogs-stream[0m [36merror=[0m[31m[1m"stream logs failed container \"pavlov-entity-extraction\" in pod \"dataisbest-pavlov-entity-extraction-79749c565b-26tj6\" is waiting to start: PodInitializing for mig/dataisbest-pavlov-entity-extraction-79749c565b-26tj6 (pavlov-entity-extraction)"[0m[0m
[90m10:29PM[0m [31mERR[0m [1mlogs-stream[0m [36merror=[0m[31m[1m"stream logs failed container \"pavlov-entity-extraction\" in pod \"dataisbest-pavlov-entity-extraction-79749c565b-26tj6\" is waiting to start: PodInitializing for mig/dataisbest-pavlov-entity-extraction-79749c565b-26tj6 (pavlov-entity-extraction)"[0m[0m
[90m10:29PM[0m [31mERR[0m [1mlogs-stream[0m [36merror=[0m[31m[1m"stream logs failed container \"pavlov-entity-extraction\" in pod \"dataisbest-pavlov-entity-extraction-79749c565b-26tj6\" is waiting to start: PodInitializing for mig/dataisbest-pavlov-entity-extraction-79749c565b-26tj6 (pavlov-entity-extraction)"[0m[0m
[90m10:29PM[0m [31mERR[0m [1mlogs-stream[0m [36merror=[0m[31m[1m"stream logs failed container \"pavlov-entity-extraction\" in pod \"dataisbest-pavlov-entity-extraction-79749c565b-26tj6\" is waiting to start: PodInitializing for mig/dataisbest-pavlov-entity-extraction-79749c565b-26tj6 (pavlov-entity-extraction)"[0m[0m
[90m10:29PM[0m [31mERR[0m [1mlogs-stream[0m [36merror=[0m[31m[1m"stream logs failed client rate limiter Wait returned an error: context canceled for mig/dataisbest-pavlov-entity-extraction-79749c565b-26tj6 (pavlov-entity-extraction)"[0m[0m
[90m10:29PM[0m [31mERR[0m [1mlogs-stream[0m [36merror=[0m[31m[1m"stream logs failed container \"pavlov-entity-extraction\" in pod \"dataisbest-pavlov-entity-extraction-79749c565b-26tj6\" is waiting to start: PodInitializing for mig/dataisbest-pavlov-entity-extraction-79749c565b-26tj6 (pavlov-entity-extraction)"[0m[0m
[90m10:29PM[0m [31mERR[0m [1mlogs-stream[0m [36merror=[0m[31m[1m"stream logs failed client rate limiter Wait returned an error: context canceled for mig/dataisbest-pavlov-entity-extraction-79749c565b-26tj6 (pavlov-entity-extraction)"[0m[0m
[90m10:29PM[0m [31mERR[0m [1mlogs-stream[0m [36merror=[0m[31m[1m"stream logs failed container \"pavlov-entity-extraction\" in pod \"dataisbest-pavlov-entity-extraction-79749c565b-26tj6\" is waiting to start: PodInitializing for mig/dataisbest-pavlov-entity-extraction-79749c565b-26tj6 (pavlov-entity-extraction)"[0m[0m
[90m10:29PM[0m [31mERR[0m [1mlogs-stream[0m [36merror=[0m[31m[1m"stream logs failed client rate limiter Wait returned an error: context canceled for mig/dataisbest-pavlov-entity-extraction-79749c565b-26tj6 (pavlov-entity-extraction)"[0m[0m
[90m10:29PM[0m [31mERR[0m [1mlogs-stream[0m [36merror=[0m[31m[1m"stream logs failed container \"pavlov-entity-extraction\" in pod \"dataisbest-pavlov-entity-extraction-79749c565b-26tj6\" is waiting to start: PodInitializing for mig/dataisbest-pavlov-entity-extraction-79749c565b-26tj6 (pavlov-entity-extraction)"[0m[0m
[90m10:29PM[0m [31mERR[0m [1mlogs-stream[0m [36merror=[0m[31m[1m"stream logs failed container \"pavlov-entity-extraction\" in pod \"dataisbest-pavlov-entity-extraction-79749c565b-26tj6\" is waiting to start: PodInitializing for mig/dataisbest-pavlov-entity-extraction-79749c565b-26tj6 (pavlov-entity-extraction)"[0m[0m
[90m10:29PM[0m [31mERR[0m [1mlogs-stream[0m [36merror=[0m[31m[1m"stream logs failed client rate limiter Wait returned an error: context canceled for mig/dataisbest-pavlov-entity-extraction-79749c565b-26tj6 (pavlov-entity-extraction)"[0m[0m
[90m10:29PM[0m [31mERR[0m [1mlogs-stream[0m [36merror=[0m[31m[1m"stream logs failed client rate limiter Wait returned an error: context canceled for mig/dataisbest-pavlov-entity-extraction-79749c565b-26tj6 (pavlov-entity-extraction)"[0m[0m
[90m10:29PM[0m [31mERR[0m [1mlogs-stream[0m [36merror=[0m[31m[1m"stream logs failed container \"pavlov-entity-extraction\" in pod \"dataisbest-pavlov-entity-extraction-79749c565b-26tj6\" is waiting to start: PodInitializing for mig/dataisbest-pavlov-entity-extraction-79749c565b-26tj6 (pavlov-entity-extraction)"[0m[0m
[90m10:29PM[0m [31mERR[0m [1mlogs-stream[0m [36merror=[0m[31m[1m"stream logs failed container \"pavlov-entity-extraction\" in pod \"dataisbest-pavlov-entity-extraction-79749c565b-26tj6\" is waiting to start: PodInitializing for mig/dataisbest-pavlov-entity-extraction-79749c565b-26tj6 (pavlov-entity-extraction)"[0m[0m
[90m10:29PM[0m [31mERR[0m [1mlogs-stream[0m [36merror=[0m[31m[1m"stream logs failed container \"pavlov-entity-extraction\" in pod \"dataisbest-pavlov-entity-extraction-79749c565b-26tj6\" is waiting to start: PodInitializing for mig/dataisbest-pavlov-entity-extraction-79749c565b-26tj6 (pavlov-entity-extraction)"[0m[0m
[90m10:29PM[0m [31mERR[0m [1mlogs-stream[0m [36merror=[0m[31m[1m"stream logs failed container \"pavlov-entity-extraction\" in pod \"dataisbest-pavlov-entity-extraction-79749c565b-26tj6\" is waiting to start: PodInitializing for mig/dataisbest-pavlov-entity-extraction-79749c565b-26tj6 (pavlov-entity-extraction)"[0m[0m
[90m10:29PM[0m [31mERR[0m [1mlogs-stream[0m [36merror=[0m[31m[1m"stream logs failed container \"pavlov-entity-extraction\" in pod \"dataisbest-pavlov-entity-extraction-79749c565b-26tj6\" is waiting to start: PodInitializing for mig/dataisbest-pavlov-entity-extraction-79749c565b-26tj6 (pavlov-entity-extraction)"[0m[0m
[90m10:29PM[0m [31mERR[0m [1mlogs-stream[0m [36merror=[0m[31m[1m"stream logs failed container \"pavlov-entity-extraction\" in pod \"dataisbest-pavlov-entity-extraction-79749c565b-26tj6\" is waiting to start: PodInitializing for mig/dataisbest-pavlov-entity-extraction-79749c565b-26tj6 (pavlov-entity-extraction)"[0m[0m
[90m10:29PM[0m [31mERR[0m [1mlogs-stream[0m [36merror=[0m[31m[1m"stream logs failed container \"pavlov-entity-extraction\" in pod \"dataisbest-pavlov-entity-extraction-79749c565b-26tj6\" is waiting to start: PodInitializing for mig/dataisbest-pavlov-entity-extraction-79749c565b-26tj6 (pavlov-entity-extraction)"[0m[0m
[90m10:29PM[0m [31mERR[0m [1mlogs-stream[0m [36merror=[0m[31m[1m"stream logs failed container \"pavlov-entity-extraction\" in pod \"dataisbest-pavlov-entity-extraction-79749c565b-26tj6\" is waiting to start: PodInitializing for mig/dataisbest-pavlov-entity-extraction-79749c565b-26tj6 (pavlov-entity-extraction)"[0m[0m
[90m10:29PM[0m [31mERR[0m [1mlogs-stream[0m [36merror=[0m[31m[1m"stream logs failed container \"pavlov-entity-extraction\" in pod \"dataisbest-pavlov-entity-extraction-79749c565b-26tj6\" is waiting to start: PodInitializing for mig/dataisbest-pavlov-entity-extraction-79749c565b-26tj6 (pavlov-entity-extraction)"[0m[0m
[90m10:29PM[0m [31mERR[0m [1mlogs-stream[0m [36merror=[0m[31m[1m"stream logs failed container \"pavlov-entity-extraction\" in pod \"dataisbest-pavlov-entity-extraction-79749c565b-26tj6\" is waiting to start: PodInitializing for mig/dataisbest-pavlov-entity-extraction-79749c565b-26tj6 (pavlov-entity-extraction)"[0m[0m
[90m10:29PM[0m [31mERR[0m [1mlogs-stream[0m [36merror=[0m[31m[1m"stream logs failed container \"pavlov-entity-extraction\" in pod \"dataisbest-pavlov-entity-extraction-79749c565b-26tj6\" is waiting to start: PodInitializing for mig/dataisbest-pavlov-entity-extraction-79749c565b-26tj6 (pavlov-entity-extraction)"[0m[0m
[90m10:29PM[0m [31mERR[0m [1mlogs-stream[0m [36merror=[0m[31m[1m"stream logs failed container \"pavlov-entity-extraction\" in pod \"dataisbest-pavlov-entity-extraction-79749c565b-26tj6\" is waiting to start: PodInitializing for mig/dataisbest-pavlov-entity-extraction-79749c565b-26tj6 (pavlov-entity-extraction)"[0m[0m
[90m10:29PM[0m [31mERR[0m [1mlogs-stream[0m [36merror=[0m[31m[1m"stream logs failed container \"pavlov-entity-extraction\" in pod \"dataisbest-pavlov-entity-extraction-79749c565b-26tj6\" is waiting to start: PodInitializing for mig/dataisbest-pavlov-entity-extraction-79749c565b-26tj6 (pavlov-entity-extraction)"[0m[0m
[90m10:29PM[0m [31mERR[0m [1mlogs-stream[0m [36merror=[0m[31m[1m"stream logs failed container \"pavlov-entity-extraction\" in pod \"dataisbest-pavlov-entity-extraction-79749c565b-26tj6\" is waiting to start: PodInitializing for mig/dataisbest-pavlov-entity-extraction-79749c565b-26tj6 (pavlov-entity-extraction)"[0m[0m
[90m10:29PM[0m [31mERR[0m [1mlogs-stream[0m [36merror=[0m[31m[1m"stream logs failed container \"pavlov-entity-extraction\" in pod \"dataisbest-pavlov-entity-extraction-79749c565b-26tj6\" is waiting to start: PodInitializing for mig/dataisbest-pavlov-entity-extraction-79749c565b-26tj6 (pavlov-entity-extraction)"[0m[0m
[90m10:29PM[0m [31mERR[0m [1mlogs-stream[0m [36merror=[0m[31m[1m"stream logs failed container \"pavlov-entity-extraction\" in pod \"dataisbest-pavlov-entity-extraction-79749c565b-26tj6\" is waiting to start: PodInitializing for mig/dataisbest-pavlov-entity-extraction-79749c565b-26tj6 (pavlov-entity-extraction)"[0m[0m
[90m10:29PM[0m [31mERR[0m [1mlogs-stream[0m [36merror=[0m[31m[1m"stream logs failed container \"pavlov-entity-extraction\" in pod \"dataisbest-pavlov-entity-extraction-79749c565b-26tj6\" is waiting to start: PodInitializing for mig/dataisbest-pavlov-entity-extraction-79749c565b-26tj6 (pavlov-entity-extraction)"[0m[0m
[90m10:29PM[0m [31mERR[0m [1mlogs-stream[0m [36merror=[0m[31m[1m"stream logs failed container \"pavlov-entity-extraction\" in pod \"dataisbest-pavlov-entity-extraction-79749c565b-26tj6\" is waiting to start: PodInitializing for mig/dataisbest-pavlov-entity-extraction-79749c565b-26tj6 (pavlov-entity-extraction)"[0m[0m
[90m10:29PM[0m [31mERR[0m [1mlogs-stream[0m [36merror=[0m[31m[1m"stream logs failed container \"pavlov-entity-extraction\" in pod \"dataisbest-pavlov-entity-extraction-79749c565b-26tj6\" is waiting to start: PodInitializing for mig/dataisbest-pavlov-entity-extraction-79749c565b-26tj6 (pavlov-entity-extraction)"[0m[0m
[90m10:29PM[0m [31mERR[0m [1mlogs-stream[0m [36merror=[0m[31m[1m"stream logs failed client rate limiter Wait returned an error: context canceled for mig/dataisbest-pavlov-entity-extraction-79749c565b-26tj6 (pavlov-entity-extraction)"[0m[0m
[90m10:29PM[0m [31mERR[0m [1mlogs-stream[0m [36merror=[0m[31m[1m"stream logs failed container \"pavlov-entity-extraction\" in pod \"dataisbest-pavlov-entity-extraction-79749c565b-26tj6\" is waiting to start: PodInitializing for mig/dataisbest-pavlov-entity-extraction-79749c565b-26tj6 (pavlov-entity-extraction)"[0m[0m
[90m10:29PM[0m [31mERR[0m [1mlogs-stream[0m [36merror=[0m[31m[1m"stream logs failed container \"pavlov-entity-extraction\" in pod \"dataisbest-pavlov-entity-extraction-79749c565b-26tj6\" is waiting to start: PodInitializing for mig/dataisbest-pavlov-entity-extraction-79749c565b-26tj6 (pavlov-entity-extraction)"[0m[0m
[90m10:29PM[0m [31mERR[0m [1mlogs-stream[0m [36merror=[0m[31m[1m"stream logs failed container \"pavlov-entity-extraction\" in pod \"dataisbest-pavlov-entity-extraction-79749c565b-26tj6\" is waiting to start: PodInitializing for mig/dataisbest-pavlov-entity-extraction-79749c565b-26tj6 (pavlov-entity-extraction)"[0m[0m
[90m10:29PM[0m [31mERR[0m [1mlogs-stream[0m [36merror=[0m[31m[1m"stream logs failed container \"pavlov-entity-extraction\" in pod \"dataisbest-pavlov-entity-extraction-79749c565b-26tj6\" is waiting to start: PodInitializing for mig/dataisbest-pavlov-entity-extraction-79749c565b-26tj6 (pavlov-entity-extraction)"[0m[0m
[90m10:29PM[0m [31mERR[0m [1mlogs-stream[0m [36merror=[0m[31m[1m"stream logs failed container \"pavlov-entity-extraction\" in pod \"dataisbest-pavlov-entity-extraction-79749c565b-26tj6\" is waiting to start: PodInitializing for mig/dataisbest-pavlov-entity-extraction-79749c565b-26tj6 (pavlov-entity-extraction)"[0m[0m
[90m10:29PM[0m [31mERR[0m [1mlogs-stream[0m [36merror=[0m[31m[1m"stream logs failed container \"pavlov-entity-extraction\" in pod \"dataisbest-pavlov-entity-extraction-79749c565b-26tj6\" is waiting to start: PodInitializing for mig/dataisbest-pavlov-entity-extraction-79749c565b-26tj6 (pavlov-entity-extraction)"[0m[0m
[90m10:30PM[0m [31mERR[0m [1mlogs-stream[0m [36merror=[0m[31m[1m"stream logs failed container \"pavlov-entity-extraction\" in pod \"dataisbest-pavlov-entity-extraction-79749c565b-26tj6\" is waiting to start: PodInitializing for mig/dataisbest-pavlov-entity-extraction-79749c565b-26tj6 (pavlov-entity-extraction)"[0m[0m
[90m10:30PM[0m [31mERR[0m [1mlogs-stream[0m [36merror=[0m[31m[1m"stream logs failed container \"pavlov-entity-extraction\" in pod \"dataisbest-pavlov-entity-extraction-79749c565b-26tj6\" is waiting to start: PodInitializing for mig/dataisbest-pavlov-entity-extraction-79749c565b-26tj6 (pavlov-entity-extraction)"[0m[0m
[90m10:30PM[0m [31mERR[0m [1mlogs-stream[0m [36merror=[0m[31m[1m"stream logs failed container \"pavlov-entity-extraction\" in pod \"dataisbest-pavlov-entity-extraction-79749c565b-26tj6\" is waiting to start: PodInitializing for mig/dataisbest-pavlov-entity-extraction-79749c565b-26tj6 (pavlov-entity-extraction)"[0m[0m
[90m10:30PM[0m [31mERR[0m [1mlogs-stream[0m [36merror=[0m[31m[1m"stream logs failed container \"pavlov-entity-extraction\" in pod \"dataisbest-pavlov-entity-extraction-79749c565b-26tj6\" is waiting to start: PodInitializing for mig/dataisbest-pavlov-entity-extraction-79749c565b-26tj6 (pavlov-entity-extraction)"[0m[0m
[90m10:30PM[0m [31mERR[0m [1mlogs-stream[0m [36merror=[0m[31m[1m"stream logs failed container \"pavlov-entity-extraction\" in pod \"dataisbest-pavlov-entity-extraction-79749c565b-26tj6\" is waiting to start: PodInitializing for mig/dataisbest-pavlov-entity-extraction-79749c565b-26tj6 (pavlov-entity-extraction)"[0m[0m
[90m10:30PM[0m [31mERR[0m [1mlogs-stream[0m [36merror=[0m[31m[1m"stream logs failed container \"pavlov-entity-extraction\" in pod \"dataisbest-pavlov-entity-extraction-79749c565b-26tj6\" is waiting to start: PodInitializing for mig/dataisbest-pavlov-entity-extraction-79749c565b-26tj6 (pavlov-entity-extraction)"[0m[0m
[90m10:30PM[0m [31mERR[0m [1mlogs-stream[0m [36merror=[0m[31m[1m"stream logs failed container \"pavlov-entity-extraction\" in pod \"dataisbest-pavlov-entity-extraction-79749c565b-26tj6\" is waiting to start: PodInitializing for mig/dataisbest-pavlov-entity-extraction-79749c565b-26tj6 (pavlov-entity-extraction)"[0m[0m
[90m10:30PM[0m [31mERR[0m [1mlogs-stream[0m [36merror=[0m[31m[1m"stream logs failed container \"pavlov-entity-extraction\" in pod \"dataisbest-pavlov-entity-extraction-79749c565b-26tj6\" is waiting to start: PodInitializing for mig/dataisbest-pavlov-entity-extraction-79749c565b-26tj6 (pavlov-entity-extraction)"[0m[0m
[90m10:30PM[0m [31mERR[0m [1mlogs-stream[0m [36merror=[0m[31m[1m"stream logs failed container \"pavlov-entity-extraction\" in pod \"dataisbest-pavlov-entity-extraction-79749c565b-26tj6\" is waiting to start: PodInitializing for mig/dataisbest-pavlov-entity-extraction-79749c565b-26tj6 (pavlov-entity-extraction)"[0m[0m
[90m10:30PM[0m [31mERR[0m [1mlogs-stream[0m [36merror=[0m[31m[1m"stream logs failed container \"pavlov-entity-extraction\" in pod \"dataisbest-pavlov-entity-extraction-79749c565b-26tj6\" is waiting to start: PodInitializing for mig/dataisbest-pavlov-entity-extraction-79749c565b-26tj6 (pavlov-entity-extraction)"[0m[0m
[90m10:30PM[0m [31mERR[0m [1mlogs-stream[0m [36merror=[0m[31m[1m"stream logs failed container \"pavlov-entity-extraction\" in pod \"dataisbest-pavlov-entity-extraction-79749c565b-26tj6\" is waiting to start: PodInitializing for mig/dataisbest-pavlov-entity-extraction-79749c565b-26tj6 (pavlov-entity-extraction)"[0m[0m
[90m10:30PM[0m [31mERR[0m [1mlogs-stream[0m [36merror=[0m[31m[1m"stream logs failed container \"pavlov-entity-extraction\" in pod \"dataisbest-pavlov-entity-extraction-79749c565b-26tj6\" is waiting to start: PodInitializing for mig/dataisbest-pavlov-entity-extraction-79749c565b-26tj6 (pavlov-entity-extraction)"[0m[0m
[90m10:30PM[0m [31mERR[0m [1mlogs-stream[0m [36merror=[0m[31m[1m"stream logs failed container \"pavlov-entity-extraction\" in pod \"dataisbest-pavlov-entity-extraction-79749c565b-26tj6\" is waiting to start: PodInitializing for mig/dataisbest-pavlov-entity-extraction-79749c565b-26tj6 (pavlov-entity-extraction)"[0m[0m
[90m10:32PM[0m [33mWRN[0m [1mlog-reader EOF[0m [36merror=[0m[31m[1m"Stream closed EOF for mig/dataisbest-pavlov-entity-extraction-79749c565b-26tj6 (pavlov-entity-extraction)"[0m[0m
[90m10:32PM[0m [31mERR[0m [1mWatcher failed for containers -- pods "dataisbest-pavlov-entity-extraction-79749c565b-26tj6" not found[0m [36merror=[0m[31m[1m"pods \"dataisbest-pavlov-entity-extraction-79749c565b-26tj6\" not found"[0m[0m
[90m11:28PM[0m [32mINF[0m [1m🐶 K9s starting up...[0m
[90m11:28PM[0m [31mERR[0m [1mFail to locate metrics-server[0m [36merror=[0m[31m[1m"No metrics api group metrics.k8s.io found on cluster"[0m[0m
[90m11:28PM[0m [32mINF[0m [1m✅ Kubernetes connectivity[0m
[90m11:29PM[0m [31mERR[0m [1mWatcher failed for containers -- pods "hdfsclickhousefilesinkbug-clickhouse-file-sink-84f6fbb66-c9h9k" not found[0m [36merror=[0m[31m[1m"pods \"hdfsclickhousefilesinkbug-clickhouse-file-sink-84f6fbb66-c9h9k\" not found"[0m[0m
[90m11:29PM[0m [33mWRN[0m [1mlog-reader EOF[0m [36merror=[0m[31m[1m"Stream closed EOF for maestro/hdfsclickhousefilesinkbug-clickhouse-file-sink-84f6fbb66-c9h9k (data-loader)"[0m[0m
[90m11:48AM[0m [32mINF[0m [1m🐶 K9s starting up...[0m
[90m11:48AM[0m [31mERR[0m [1mFail to locate metrics-server[0m [36merror=[0m[31m[1m"No metrics api group metrics.k8s.io found on cluster"[0m[0m
[90m11:48AM[0m [32mINF[0m [1m✅ Kubernetes connectivity[0m
[90m11:48AM[0m [31mERR[0m [1mWatcher failed for containers -- pods "ebs-csi-controller-868b68d97-nf9rg" not found[0m [36merror=[0m[31m[1m"pods \"ebs-csi-controller-868b68d97-nf9rg\" not found"[0m[0m
[90m11:49AM[0m [33mWRN[0m [1mlog-reader canceled[0m [36merror=[0m[31m[1m"Stream canceled context canceled for kube-system/ebs-csi-controller-868b68d97-zjtw5 (liveness-probe)"[0m[0m
[90m11:49AM[0m [33mWRN[0m [1mlog-reader canceled[0m [36merror=[0m[31m[1m"Stream canceled context canceled for kube-system/ebs-csi-controller-868b68d97-zjtw5 (csi-provisioner)"[0m[0m
[90m11:49AM[0m [33mWRN[0m [1mlog-reader canceled[0m [36merror=[0m[31m[1m"Stream canceled context canceled for kube-system/ebs-csi-controller-868b68d97-zjtw5 (csi-snapshotter)"[0m[0m
[90m11:49AM[0m [33mWRN[0m [1mlog-reader canceled[0m [36merror=[0m[31m[1m"Stream canceled context canceled for kube-system/ebs-csi-controller-868b68d97-zjtw5 (ebs-plugin)"[0m[0m
[90m11:49AM[0m [33mWRN[0m [1mlog-reader canceled[0m [36merror=[0m[31m[1m"Stream canceled context canceled for kube-system/ebs-csi-controller-868b68d97-zjtw5 (csi-resizer)"[0m[0m
[90m11:49AM[0m [33mWRN[0m [1mlog-reader canceled[0m [36merror=[0m[31m[1m"Stream canceled context canceled for kube-system/ebs-csi-controller-868b68d97-zjtw5 (csi-attacher)"[0m[0m
[90m3:06PM[0m [32mINF[0m [1m🐶 K9s starting up...[0m
[90m3:06PM[0m [31mERR[0m [1mFail to locate metrics-server[0m [36merror=[0m[31m[1m"No metrics api group metrics.k8s.io found on cluster"[0m[0m
[90m3:06PM[0m [32mINF[0m [1m✅ Kubernetes connectivity[0m
[90m3:07PM[0m [32mINF[0m [1m🐶 K9s starting up...[0m
[90m3:07PM[0m [31mERR[0m [1mFail to locate metrics-server[0m [36merror=[0m[31m[1m"No metrics api group metrics.k8s.io found on cluster"[0m[0m
[90m3:07PM[0m [32mINF[0m [1m✅ Kubernetes connectivity[0m
